Error occurred during getting browser(s): random, but was suppressed with fallback.
Error occurred during getting browser(s): random, but was suppressed with fallback.
Error occurred during getting browser(s): random, but was suppressed with fallback.
Error occurred during getting browser(s): random, but was suppressed with fallback.
Error occurred during getting browser(s): random, but was suppressed with fallback.
Error occurred during getting browser(s): random, but was suppressed with fallback.
Error occurred during getting browser(s): random, but was suppressed with fallback.
Error occurred during getting browser(s): random, but was suppressed with fallback.
Error occurred during getting browser(s): random, but was suppressed with fallback.
Error occurred during getting browser(s): random, but was suppressed with fallback.
Error occurred during getting browser(s): random, but was suppressed with fallback.
Error occurred during getting browser(s): random, but was suppressed with fallback.
Error occurred during getting browser(s): random, but was suppressed with fallback.
Error occurred during getting browser(s): random, but was suppressed with fallback.
Error occurred during getting browser(s): random, but was suppressed with fallback.
Error occurred during getting browser(s): random, but was suppressed with fallback.
Error occurred during getting browser(s): random, but was suppressed with fallback.
Error occurred during getting browser(s): random, but was suppressed with fallback.
Error occurred during getting browser(s): random, but was suppressed with fallback.
Error occurred during getting browser(s): random, but was suppressed with fallback.
Error occurred during getting browser(s): random, but was suppressed with fallback.
Error occurred during getting browser(s): random, but was suppressed with fallback.
Error occurred during getting browser(s): random, but was suppressed with fallback.
Error occurred during getting browser(s): random, but was suppressed with fallback.
Error occurred during getting browser(s): random, but was suppressed with fallback.
Error occurred during getting browser(s): random, but was suppressed with fallback.
Error occurred during getting browser(s): random, but was suppressed with fallback.
Error occurred during getting browser(s): random, but was suppressed with fallback.
Error occurred during getting browser(s): random, but was suppressed with fallback.
Error occurred during getting browser(s): random, but was suppressed with fallback.
Error occurred during getting browser(s): random, but was suppressed with fallback.
Error occurred during getting browser(s): random, but was suppressed with fallback.
Error occurred during getting browser(s): random, but was suppressed with fallback.
Error occurred during getting browser(s): random, but was suppressed with fallback.
Error occurred during getting browser(s): random, but was suppressed with fallback.
Error occurred during getting browser(s): random, but was suppressed with fallback.
Error occurred during getting browser(s): random, but was suppressed with fallback.
Error occurred during getting browser(s): random, but was suppressed with fallback.
Error occurred during getting browser(s): random, but was suppressed with fallback.
Error occurred during getting browser(s): random, but was suppressed with fallback.
Error occurred during getting browser(s): random, but was suppressed with fallback.
Error occurred during getting browser(s): random, but was suppressed with fallback.
Error occurred during getting browser(s): random, but was suppressed with fallback.
Error occurred during getting browser(s): random, but was suppressed with fallback.
Error occurred during getting browser(s): random, but was suppressed with fallback.
Error occurred during getting browser(s): random, but was suppressed with fallback.
Error occurred during getting browser(s): random, but was suppressed with fallback.
Error occurred during getting browser(s): random, but was suppressed with fallback.
Error occurred during getting browser(s): random, but was suppressed with fallback.
Error occurred during getting browser(s): random, but was suppressed with fallback.
2026-01-19 22:23:24,849 [WARNING] browser.secure_storage - No cookie encryption key found. Generated new key.
Add this to your .env file:
CRYPTOBOT_COOKIE_KEY=_jOYX0BJfl8VOVextLtjbDVzh6WQqEZyhaRhj8PRBV4=
--- Logging error ---
Traceback (most recent call last):
  File "C:\Python314\Lib\logging\__init__.py", line 1154, in emit
    stream.write(msg + self.terminator)
    ~~~~~~~~~~~~^^^^^^^^^^^^^^^^^^^^^^^
  File "C:\Python314\Lib\encodings\cp1252.py", line 19, in encode
    return codecs.charmap_encode(input,self.errors,encoding_table)[0]
           ~~~~~~~~~~~~~~~~~~~~~^^^^^^^^^^^^^^^^^^^^^^^^^^^^^^^^^^
UnicodeEncodeError: 'charmap' codec can't encode character '\U0001f512' in position 42: character maps to <undefined>
Call stack:
  File "C:\Users\azureuser\Repositories\cryptobot\main.py", line 170, in <module>
    asyncio.run(main())
  File "C:\Python314\Lib\asyncio\runners.py", line 204, in run
    return runner.run(main)
  File "C:\Python314\Lib\asyncio\runners.py", line 127, in run
    return self._loop.run_until_complete(task)
  File "C:\Python314\Lib\asyncio\base_events.py", line 706, in run_until_complete
    self.run_forever()
  File "C:\Python314\Lib\asyncio\base_events.py", line 677, in run_forever
    self._run_once()
  File "C:\Python314\Lib\asyncio\base_events.py", line 2046, in _run_once
    handle._run()
  File "C:\Python314\Lib\asyncio\events.py", line 94, in _run
    self._context.run(self._callback, *self._args)
  File "C:\Users\azureuser\Repositories\cryptobot\main.py", line 62, in main
    logger.info("\U0001f512 2Captcha Proxies Enabled. Initializing Manager...")
Message: '\U0001f512 2Captcha Proxies Enabled. Initializing Manager...'
Arguments: ()
2026-01-19 22:23:24,900 [INFO] core.proxy_manager - [LOAD] Loading proxies from C:\Users\azureuser\Repositories\cryptobot\config\proxies.txt...
2026-01-19 22:23:24,929 [INFO] core.proxy_manager - [OK] Loaded 101 proxies from file.
2026-01-19 22:23:24,948 [INFO] core.orchestrator - Restored session: 12 jobs, 0 domains
2026-01-19 22:23:24,948 [INFO] browser.instance - Launching Camoufox (Headless: True)...
C:\Python314\Lib\concurrent\futures\thread.py:73: LeakWarning: Blocking image requests has been reported to cause detection issues on major WAFs.
If this is intentional, pass `i_know_what_im_doing=True`.
  return fn(*args, **kwargs)
2026-01-19 22:23:30,162 [INFO] core.proxy_manager - Generating 100 unique proxies using template from 170.106.118.114:2334...
2026-01-19 22:23:30,166 [INFO] core.proxy_manager - Assigning 101 proxies to 1 profiles (Sticky Strategy)...
2026-01-19 22:23:30,166 [INFO] core.proxy_manager -    Profile 'blazefoley97@gmail.com' -> Proxy 170.106.118.114:2334
2026-01-19 22:23:30,166 [INFO] core.orchestrator - Job Scheduler loop started.
--- Logging error ---
Traceback (most recent call last):
  File "C:\Python314\Lib\logging\__init__.py", line 1154, in emit
    stream.write(msg + self.terminator)
    ~~~~~~~~~~~~^^^^^^^^^^^^^^^^^^^^^^^
  File "C:\Python314\Lib\encodings\cp1252.py", line 19, in encode
    return codecs.charmap_encode(input,self.errors,encoding_table)[0]
           ~~~~~~~~~~~~~~~~~~~~~^^^^^^^^^^^^^^^^^^^^^^^^^^^^^^^^^^
UnicodeEncodeError: 'charmap' codec can't encode character '\u2705' in position 52: character maps to <undefined>
Call stack:
  File "C:\Users\azureuser\Repositories\cryptobot\main.py", line 170, in <module>
    asyncio.run(main())
  File "C:\Python314\Lib\asyncio\runners.py", line 204, in run
    return runner.run(main)
  File "C:\Python314\Lib\asyncio\runners.py", line 127, in run
    return self._loop.run_until_complete(task)
  File "C:\Python314\Lib\asyncio\base_events.py", line 706, in run_until_complete
    self.run_forever()
  File "C:\Python314\Lib\asyncio\base_events.py", line 677, in run_forever
    self._run_once()
  File "C:\Python314\Lib\asyncio\base_events.py", line 2046, in _run_once
    handle._run()
  File "C:\Python314\Lib\asyncio\events.py", line 94, in _run
    self._context.run(self._callback, *self._args)
  File "C:\Users\azureuser\Repositories\cryptobot\main.py", line 111, in main
    success = await proxy_manager.fetch_proxies()
  File "C:\Users\azureuser\Repositories\cryptobot\core\proxy_manager.py", line 452, in fetch_proxies
    c = await self.fetch_proxies_from_api(count)
  File "C:\Users\azureuser\Repositories\cryptobot\core\proxy_manager.py", line 440, in fetch_proxies_from_api
    logger.info(f"\u2705 Generated and saved {len(new_proxies)} unique residential proxies to {file_path}")
Message: '\u2705 Generated and saved 101 unique residential proxies to C:\\Users\\azureuser\\Repositories\\cryptobot\\config\\proxies.txt'
Arguments: ()
2026-01-19 22:23:30,168 [INFO] core.orchestrator - Performing browser health check...
2026-01-19 22:23:30,407 [INFO] browser.instance - Creating isolated stealth context (Profile: blazefoley97@gmail.com, Proxy: http://ub033d0d0583c05dd-zone-custom:ub033d0d0583c05dd@170.106.118.114:2334, Resolution: 1440x900)
--- Logging error ---
Traceback (most recent call last):
  File "C:\Python314\Lib\logging\__init__.py", line 1154, in emit
    stream.write(msg + self.terminator)
    ~~~~~~~~~~~~^^^^^^^^^^^^^^^^^^^^^^^
  File "C:\Python314\Lib\encodings\cp1252.py", line 19, in encode
    return codecs.charmap_encode(input,self.errors,encoding_table)[0]
           ~~~~~~~~~~~~~~~~~~~~~^^^^^^^^^^^^^^^^^^^^^^^^^^^^^^^^^^
UnicodeEncodeError: 'charmap' codec can't encode character '\U0001f680' in position 51: character maps to <undefined>
Call stack:
  File "C:\Users\azureuser\Repositories\cryptobot\main.py", line 170, in <module>
    asyncio.run(main())
  File "C:\Python314\Lib\asyncio\runners.py", line 204, in run
    return runner.run(main)
  File "C:\Python314\Lib\asyncio\runners.py", line 127, in run
    return self._loop.run_until_complete(task)
  File "C:\Python314\Lib\asyncio\base_events.py", line 706, in run_until_complete
    self.run_forever()
  File "C:\Python314\Lib\asyncio\base_events.py", line 677, in run_forever
    self._run_once()
  File "C:\Python314\Lib\asyncio\base_events.py", line 2046, in _run_once
    handle._run()
  File "C:\Python314\Lib\asyncio\events.py", line 94, in _run
    self._context.run(self._callback, *self._args)
  File "C:\Users\azureuser\Repositories\cryptobot\core\orchestrator.py", line 317, in _run_job_wrapper
    logger.info(f"\U0001f680 Executing {job.name} ({job.job_type}) for {username}... (Proxy: {current_proxy or 'None'})")
Message: '\U0001f680 Executing FreeBitcoin Claim (claim_wrapper) for blazefoley97@gmail.com... (Proxy: http://ub033d0d0583c05dd-zone-custom:ub033d0d0583c05dd@170.106.118.114:2334)'
Arguments: ()
--- Logging error ---
Traceback (most recent call last):
  File "C:\Python314\Lib\logging\__init__.py", line 1154, in emit
    stream.write(msg + self.terminator)
    ~~~~~~~~~~~~^^^^^^^^^^^^^^^^^^^^^^^
  File "C:\Python314\Lib\encodings\cp1252.py", line 19, in encode
    return codecs.charmap_encode(input,self.errors,encoding_table)[0]
           ~~~~~~~~~~~~~~~~~~~~~^^^^^^^^^^^^^^^^^^^^^^^^^^^^^^^^^^
UnicodeEncodeError: 'charmap' codec can't encode character '\u2705' in position 51: character maps to <undefined>
Call stack:
  File "C:\Users\azureuser\Repositories\cryptobot\main.py", line 170, in <module>
    asyncio.run(main())
  File "C:\Python314\Lib\asyncio\runners.py", line 204, in run
    return runner.run(main)
  File "C:\Python314\Lib\asyncio\runners.py", line 127, in run
    return self._loop.run_until_complete(task)
  File "C:\Python314\Lib\asyncio\base_events.py", line 706, in run_until_complete
    self.run_forever()
  File "C:\Python314\Lib\asyncio\base_events.py", line 677, in run_forever
    self._run_once()
  File "C:\Python314\Lib\asyncio\base_events.py", line 2046, in _run_once
    handle._run()
  File "C:\Python314\Lib\asyncio\events.py", line 94, in _run
    self._context.run(self._callback, *self._args)
  File "C:\Users\azureuser\Repositories\cryptobot\core\orchestrator.py", line 324, in _run_job_wrapper
    logger.info(f"\u2705 Finished {job.name} for {username} in {duration:.1f}s")
Message: '\u2705 Finished FreeBitcoin Claim for blazefoley97@gmail.com in 18.8s'
Arguments: ()
2026-01-19 22:24:15,428 [INFO] browser.instance - Creating isolated stealth context (Profile: blazefoley97@gmail.com, Proxy: http://ub033d0d0583c05dd-zone-custom:ub033d0d0583c05dd@170.106.118.114:2334, Resolution: 1366x768)
--- Logging error ---
Traceback (most recent call last):
  File "C:\Python314\Lib\logging\__init__.py", line 1154, in emit
    stream.write(msg + self.terminator)
    ~~~~~~~~~~~~^^^^^^^^^^^^^^^^^^^^^^^
  File "C:\Python314\Lib\encodings\cp1252.py", line 19, in encode
    return codecs.charmap_encode(input,self.errors,encoding_table)[0]
           ~~~~~~~~~~~~~~~~~~~~~^^^^^^^^^^^^^^^^^^^^^^^^^^^^^^^^^^
UnicodeEncodeError: 'charmap' codec can't encode character '\U0001f680' in position 51: character maps to <undefined>
Call stack:
  File "C:\Users\azureuser\Repositories\cryptobot\main.py", line 170, in <module>
    asyncio.run(main())
  File "C:\Python314\Lib\asyncio\runners.py", line 204, in run
    return runner.run(main)
  File "C:\Python314\Lib\asyncio\runners.py", line 127, in run
    return self._loop.run_until_complete(task)
  File "C:\Python314\Lib\asyncio\base_events.py", line 706, in run_until_complete
    self.run_forever()
  File "C:\Python314\Lib\asyncio\base_events.py", line 677, in run_forever
    self._run_once()
  File "C:\Python314\Lib\asyncio\base_events.py", line 2046, in _run_once
    handle._run()
  File "C:\Python314\Lib\asyncio\events.py", line 94, in _run
    self._context.run(self._callback, *self._args)
  File "C:\Users\azureuser\Repositories\cryptobot\core\orchestrator.py", line 317, in _run_job_wrapper
    logger.info(f"\U0001f680 Executing {job.name} ({job.job_type}) for {username}... (Proxy: {current_proxy or 'None'})")
Message: '\U0001f680 Executing FreeBitcoin Claim (claim_wrapper) for blazefoley97@gmail.com... (Proxy: http://ub033d0d0583c05dd-zone-custom:ub033d0d0583c05dd@170.106.118.114:2334)'
Arguments: ()
--- Logging error ---
Traceback (most recent call last):
  File "C:\Python314\Lib\logging\__init__.py", line 1154, in emit
    stream.write(msg + self.terminator)
    ~~~~~~~~~~~~^^^^^^^^^^^^^^^^^^^^^^^
  File "C:\Python314\Lib\encodings\cp1252.py", line 19, in encode
    return codecs.charmap_encode(input,self.errors,encoding_table)[0]
           ~~~~~~~~~~~~~~~~~~~~~^^^^^^^^^^^^^^^^^^^^^^^^^^^^^^^^^^
UnicodeEncodeError: 'charmap' codec can't encode character '\u2705' in position 51: character maps to <undefined>
Call stack:
  File "C:\Users\azureuser\Repositories\cryptobot\main.py", line 170, in <module>
    asyncio.run(main())
  File "C:\Python314\Lib\asyncio\runners.py", line 204, in run
    return runner.run(main)
  File "C:\Python314\Lib\asyncio\runners.py", line 127, in run
    return self._loop.run_until_complete(task)
  File "C:\Python314\Lib\asyncio\base_events.py", line 706, in run_until_complete
    self.run_forever()
  File "C:\Python314\Lib\asyncio\base_events.py", line 677, in run_forever
    self._run_once()
  File "C:\Python314\Lib\asyncio\base_events.py", line 2046, in _run_once
    handle._run()
  File "C:\Python314\Lib\asyncio\events.py", line 94, in _run
    self._context.run(self._callback, *self._args)
  File "C:\Users\azureuser\Repositories\cryptobot\core\orchestrator.py", line 324, in _run_job_wrapper
    logger.info(f"[DONE] Finished {job.name} for {username} in {duration:.1f}s")
Message: '\u2705 Finished FreeBitcoin Claim for blazefoley97@gmail.com in 17.8s'
Arguments: ()
