============================= test session starts =============================
platform win32 -- Python 3.14.2, pytest-9.0.2, pluggy-1.6.0 -- C:\Python314\python.exe
cachedir: .pytest_cache
rootdir: C:\Users\azureuser\Repositories\cryptobot
configfile: pytest.ini
plugins: asyncio-1.3.0, cov-7.0.0, mock-3.15.1
asyncio: mode=Mode.AUTO, debug=False, asyncio_default_fixture_loop_scope=None, asyncio_default_test_loop_scope=function
collecting ... collected 8 items

tests/test_browser_extra.py::TestBrowserExtra::test_launch_and_close PASSED [ 12%]
tests/test_browser_extra.py::TestBrowserExtra::test_create_context_proxy_formats PASSED [ 25%]
tests/test_browser_extra.py::TestBrowserExtra::test_sticky_proxy_logic FAILED [ 37%]
tests/test_browser_extra.py::TestBrowserExtra::test_cookie_persistence FAILED [ 50%]
tests/test_browser_extra.py::TestBrowserExtra::test_cookie_encrypted_path PASSED [ 62%]
tests/test_browser_extra.py::TestBrowserExtra::test_restart_and_health_check FAILED [ 75%]
tests/test_browser_extra.py::TestBrowserExtra::test_new_page_no_context PASSED [ 87%]
tests/test_browser_extra.py::TestBrowserExtra::test_create_stealth_browser_factory FAILED [100%]

================================== FAILURES ===================================
__________________ TestBrowserExtra.test_sticky_proxy_logic ___________________

self = <test_browser_extra.TestBrowserExtra object at 0x000002679587AC40>
tmp_path = WindowsPath('C:/Users/azureuser/AppData/Local/Temp/pytest-of-azureuser/pytest-2/test_sticky_proxy_logic0')

    @pytest.mark.asyncio
    async def test_sticky_proxy_logic(self, tmp_path):
        """Test sticky proxy binding persistence (lines 98-114, 213-246)."""
        manager = BrowserManager()
        manager.browser = AsyncMock()
    
        # Patch the bindings file to use a temp one
        bindings_file = tmp_path / "proxy_bindings.json"
        with patch("os.path.join", side_effect=lambda *args: str(bindings_file) if "proxy_bindings.json" in args else os.path.join(*args)):
            # 1. New binding (110-113)
            await manager.create_context(proxy="p1", profile_name="u1")
>           assert await manager.load_proxy_binding("u1") == "p1"
E           AssertionError: assert None == 'p1'

tests\test_browser_extra.py:62: AssertionError
------------------------------ Captured log call ------------------------------
WARNING  browser.secure_storage:secure_storage.py:56 \u26a0\ufe0f No cookie encryption key found. Generated new key.\nAdd this to your .env file:\nCRYPTOBOT_COOKIE_KEY=BYUDR_PjH8c59sH151sBL2fK3h_lAZPxednVxLcWits=\nERROR    browser.instance:instance.py:245 Failed to load proxy binding for u1: maximum recursion depth exceeded\nERROR    browser.instance:instance.py:230 Failed to save proxy binding for u1: maximum recursion depth exceeded\nWARNING  browser.instance:instance.py:210 Failed to load cookies for u1: maximum recursion depth exceeded\nERROR    browser.instance:instance.py:245 Failed to load proxy binding for u1: maximum recursion depth exceeded
__________________ TestBrowserExtra.test_cookie_persistence ___________________

self = WindowsPath('C:/Users/azureuser/AppData/Local/Temp/pytest-of-azureuser/pytest-2/test_cookie_persistence0/cookies/u1.json')

    def __str__(self):
        """Return the string representation of the path, suitable for
        passing to system calls."""
        try:
>           return self._str
                   ^^^^^^^^^
E           AttributeError: 'pathlib.WindowsPath' object has no attribute '_str'

C:\Python314\Lib\pathlib\__init__.py:255: AttributeError

During handling of the above exception, another exception occurred:

self = WindowsPath('C:/Users/azureuser/AppData/Local/Temp/pytest-of-azureuser/pytest-2/test_cookie_persistence0/cookies/u1.json')

    @property
    def drive(self):
        """The drive prefix (letter or UNC path), if any."""
        try:
>           return self._drv
                   ^^^^^^^^^
E           AttributeError: 'pathlib.WindowsPath' object has no attribute '_drv'

C:\Python314\Lib\pathlib\__init__.py:345: AttributeError

During handling of the above exception, another exception occurred:

self = WindowsPath('C:/Users/azureuser/AppData/Local/Temp/pytest-of-azureuser/pytest-2/test_cookie_persistence0/cookies/u1.json')

    def __str__(self):
        """Return the string representation of the path, suitable for
        passing to system calls."""
        try:
>           return self._str
                   ^^^^^^^^^
E           AttributeError: 'pathlib.WindowsPath' object has no attribute '_str'

C:\Python314\Lib\pathlib\__init__.py:255: AttributeError

During handling of the above exception, another exception occurred:

self = WindowsPath('C:/Users/azureuser/AppData/Local/Temp/pytest-of-azureuser/pytest-2/test_cookie_persistence0/cookies/u1.json')

    @property
    def drive(self):
        """The drive prefix (letter or UNC path), if any."""
        try:
>           return self._drv
                   ^^^^^^^^^
E           AttributeError: 'pathlib.WindowsPath' object has no attribute '_drv'

C:\Python314\Lib\pathlib\__init__.py:345: AttributeError

During handling of the above exception, another exception occurred:

self = WindowsPath('C:/Users/azureuser/AppData/Local/Temp/pytest-of-azureuser/pytest-2/test_cookie_persistence0/cookies/u1.json')

    def __str__(self):
        """Return the string representation of the path, suitable for
        passing to system calls."""
        try:
>           return self._str
                   ^^^^^^^^^
E           AttributeError: 'pathlib.WindowsPath' object has no attribute '_str'

C:\Python314\Lib\pathlib\__init__.py:255: AttributeError

During handling of the above exception, another exception occurred:

self = WindowsPath('C:/Users/azureuser/AppData/Local/Temp/pytest-of-azureuser/pytest-2/test_cookie_persistence0/cookies/u1.json')

    @property
    def drive(self):
        """The drive prefix (letter or UNC path), if any."""
        try:
>           return self._drv
                   ^^^^^^^^^
E           AttributeError: 'pathlib.WindowsPath' object has no attribute '_drv'

C:\Python314\Lib\pathlib\__init__.py:345: AttributeError

During handling of the above exception, another exception occurred:

self = WindowsPath('C:/Users/azureuser/AppData/Local/Temp/pytest-of-azureuser/pytest-2/test_cookie_persistence0/cookies/u1.json')

    def __str__(self):
        """Return the string representation of the path, suitable for
        passing to system calls."""
        try:
>           return self._str
                   ^^^^^^^^^
E           AttributeError: 'pathlib.WindowsPath' object has no attribute '_str'

C:\Python314\Lib\pathlib\__init__.py:255: AttributeError

During handling of the above exception, another exception occurred:

self = WindowsPath('C:/Users/azureuser/AppData/Local/Temp/pytest-of-azureuser/pytest-2/test_cookie_persistence0/cookies/u1.json')

    @property
    def drive(self):
        """The drive prefix (letter or UNC path), if any."""
        try:
>           return self._drv
                   ^^^^^^^^^
E           AttributeError: 'pathlib.WindowsPath' object has no attribute '_drv'

C:\Python314\Lib\pathlib\__init__.py:345: AttributeError

During handling of the above exception, another exception occurred:

self = WindowsPath('C:/Users/azureuser/AppData/Local/Temp/pytest-of-azureuser/pytest-2/test_cookie_persistence0/cookies/u1.json')

    def __str__(self):
        """Return the string representation of the path, suitable for
        passing to system calls."""
        try:
>           return self._str
                   ^^^^^^^^^
E           AttributeError: 'pathlib.WindowsPath' object has no attribute '_str'

C:\Python314\Lib\pathlib\__init__.py:255: AttributeError

During handling of the above exception, another exception occurred:

self = WindowsPath('C:/Users/azureuser/AppData/Local/Temp/pytest-of-azureuser/pytest-2/test_cookie_persistence0/cookies/u1.json')

    @property
    def drive(self):
        """The drive prefix (letter or UNC path), if any."""
        try:
>           return self._drv
                   ^^^^^^^^^
E           AttributeError: 'pathlib.WindowsPath' object has no attribute '_drv'

C:\Python314\Lib\pathlib\__init__.py:345: AttributeError

During handling of the above exception, another exception occurred:

self = WindowsPath('C:/Users/azureuser/AppData/Local/Temp/pytest-of-azureuser/pytest-2/test_cookie_persistence0/cookies/u1.json')

    def __str__(self):
        """Return the string representation of the path, suitable for
        passing to system calls."""
        try:
>           return self._str
                   ^^^^^^^^^
E           AttributeError: 'pathlib.WindowsPath' object has no attribute '_str'

C:\Python314\Lib\pathlib\__init__.py:255: AttributeError

During handling of the above exception, another exception occurred:

self = WindowsPath('C:/Users/azureuser/AppData/Local/Temp/pytest-of-azureuser/pytest-2/test_cookie_persistence0/cookies/u1.json')

    @property
    def drive(self):
        """The drive prefix (letter or UNC path), if any."""
        try:
>           return self._drv
                   ^^^^^^^^^
E           AttributeError: 'pathlib.WindowsPath' object has no attribute '_drv'

C:\Python314\Lib\pathlib\__init__.py:345: AttributeError

During handling of the above exception, another exception occurred:

self = WindowsPath('C:/Users/azureuser/AppData/Local/Temp/pytest-of-azureuser/pytest-2/test_cookie_persistence0/cookies/u1.json')

    def __str__(self):
        """Return the string representation of the path, suitable for
        passing to system calls."""
        try:
>           return self._str
                   ^^^^^^^^^
E           AttributeError: 'pathlib.WindowsPath' object has no attribute '_str'

C:\Python314\Lib\pathlib\__init__.py:255: AttributeError

During handling of the above exception, another exception occurred:

self = WindowsPath('C:/Users/azureuser/AppData/Local/Temp/pytest-of-azureuser/pytest-2/test_cookie_persistence0/cookies/u1.json')

    @property
    def drive(self):
        """The drive prefix (letter or UNC path), if any."""
        try:
>           return self._drv
                   ^^^^^^^^^
E           AttributeError: 'pathlib.WindowsPath' object has no attribute '_drv'

C:\Python314\Lib\pathlib\__init__.py:345: AttributeError

During handling of the above exception, another exception occurred:

self = WindowsPath('C:/Users/azureuser/AppData/Local/Temp/pytest-of-azureuser/pytest-2/test_cookie_persistence0/cookies/u1.json')

    def __str__(self):
        """Return the string representation of the path, suitable for
        passing to system calls."""
        try:
>           return self._str
                   ^^^^^^^^^
E           AttributeError: 'pathlib.WindowsPath' object has no attribute '_str'

C:\Python314\Lib\pathlib\__init__.py:255: AttributeError

During handling of the above exception, another exception occurred:

self = WindowsPath('C:/Users/azureuser/AppData/Local/Temp/pytest-of-azureuser/pytest-2/test_cookie_persistence0/cookies/u1.json')

    @property
    def drive(self):
        """The drive prefix (letter or UNC path), if any."""
        try:
>           return self._drv
                   ^^^^^^^^^
E           AttributeError: 'pathlib.WindowsPath' object has no attribute '_drv'

C:\Python314\Lib\pathlib\__init__.py:345: AttributeError

During handling of the above exception, another exception occurred:

self = WindowsPath('C:/Users/azureuser/AppData/Local/Temp/pytest-of-azureuser/pytest-2/test_cookie_persistence0/cookies/u1.json')

    def __str__(self):
        """Return the string representation of the path, suitable for
        passing to system calls."""
        try:
>           return self._str
                   ^^^^^^^^^
E           AttributeError: 'pathlib.WindowsPath' object has no attribute '_str'

C:\Python314\Lib\pathlib\__init__.py:255: AttributeError

During handling of the above exception, another exception occurred:

self = WindowsPath('C:/Users/azureuser/AppData/Local/Temp/pytest-of-azureuser/pytest-2/test_cookie_persistence0/cookies/u1.json')

    @property
    def drive(self):
        """The drive prefix (letter or UNC path), if any."""
        try:
>           return self._drv
                   ^^^^^^^^^
E           AttributeError: 'pathlib.WindowsPath' object has no attribute '_drv'

C:\Python314\Lib\pathlib\__init__.py:345: AttributeError

During handling of the above exception, another exception occurred:

self = WindowsPath('C:/Users/azureuser/AppData/Local/Temp/pytest-of-azureuser/pytest-2/test_cookie_persistence0/cookies/u1.json')

    def __str__(self):
        """Return the string representation of the path, suitable for
        passing to system calls."""
        try:
>           return self._str
                   ^^^^^^^^^
E           AttributeError: 'pathlib.WindowsPath' object has no attribute '_str'

C:\Python314\Lib\pathlib\__init__.py:255: AttributeError

During handling of the above exception, another exception occurred:

self = WindowsPath('C:/Users/azureuser/AppData/Local/Temp/pytest-of-azureuser/pytest-2/test_cookie_persistence0/cookies/u1.json')

    @property
    def drive(self):
        """The drive prefix (letter or UNC path), if any."""
        try:
>           return self._drv
                   ^^^^^^^^^
E           AttributeError: 'pathlib.WindowsPath' object has no attribute '_drv'

C:\Python314\Lib\pathlib\__init__.py:345: AttributeError

During handling of the above exception, another exception occurred:

self = WindowsPath('C:/Users/azureuser/AppData/Local/Temp/pytest-of-azureuser/pytest-2/test_cookie_persistence0/cookies/u1.json')

    def __str__(self):
        """Return the string representation of the path, suitable for
        passing to system calls."""
        try:
>           return self._str
                   ^^^^^^^^^
E           AttributeError: 'pathlib.WindowsPath' object has no attribute '_str'

C:\Python314\Lib\pathlib\__init__.py:255: AttributeError

During handling of the above exception, another exception occurred:

self = WindowsPath('C:/Users/azureuser/AppData/Local/Temp/pytest-of-azureuser/pytest-2/test_cookie_persistence0/cookies/u1.json')

    @property
    def drive(self):
        """The drive prefix (letter or UNC path), if any."""
        try:
>           return self._drv
                   ^^^^^^^^^
E           AttributeError: 'pathlib.WindowsPath' object has no attribute '_drv'

C:\Python314\Lib\pathlib\__init__.py:345: AttributeError

During handling of the above exception, another exception occurred:

self = WindowsPath('C:/Users/azureuser/AppData/Local/Temp/pytest-of-azureuser/pytest-2/test_cookie_persistence0/cookies/u1.json')

    def __str__(self):
        """Return the string representation of the path, suitable for
        passing to system calls."""
        try:
>           return self._str
                   ^^^^^^^^^
E           AttributeError: 'pathlib.WindowsPath' object has no attribute '_str'

C:\Python314\Lib\pathlib\__init__.py:255: AttributeError

During handling of the above exception, another exception occurred:

self = WindowsPath('C:/Users/azureuser/AppData/Local/Temp/pytest-of-azureuser/pytest-2/test_cookie_persistence0/cookies/u1.json')

    @property
    def drive(self):
        """The drive prefix (letter or UNC path), if any."""
        try:
>           return self._drv
                   ^^^^^^^^^
E           AttributeError: 'pathlib.WindowsPath' object has no attribute '_drv'

C:\Python314\Lib\pathlib\__init__.py:345: AttributeError

During handling of the above exception, another exception occurred:

self = WindowsPath('C:/Users/azureuser/AppData/Local/Temp/pytest-of-azureuser/pytest-2/test_cookie_persistence0/cookies/u1.json')

    def __str__(self):
        """Return the string representation of the path, suitable for
        passing to system calls."""
        try:
>           return self._str
                   ^^^^^^^^^
E           AttributeError: 'pathlib.WindowsPath' object has no attribute '_str'

C:\Python314\Lib\pathlib\__init__.py:255: AttributeError

During handling of the above exception, another exception occurred:

self = WindowsPath('C:/Users/azureuser/AppData/Local/Temp/pytest-of-azureuser/pytest-2/test_cookie_persistence0/cookies/u1.json')

    @property
    def drive(self):
        """The drive prefix (letter or UNC path), if any."""
        try:
>           return self._drv
                   ^^^^^^^^^
E           AttributeError: 'pathlib.WindowsPath' object has no attribute '_drv'

C:\Python314\Lib\pathlib\__init__.py:345: AttributeError

During handling of the above exception, another exception occurred:

self = WindowsPath('C:/Users/azureuser/AppData/Local/Temp/pytest-of-azureuser/pytest-2/test_cookie_persistence0/cookies/u1.json')

    def __str__(self):
        """Return the string representation of the path, suitable for
        passing to system calls."""
        try:
>           return self._str
                   ^^^^^^^^^
E           AttributeError: 'pathlib.WindowsPath' object has no attribute '_str'

C:\Python314\Lib\pathlib\__init__.py:255: AttributeError

During handling of the above exception, another exception occurred:

self = WindowsPath('C:/Users/azureuser/AppData/Local/Temp/pytest-of-azureuser/pytest-2/test_cookie_persistence0/cookies/u1.json')

    @property
    def drive(self):
        """The drive prefix (letter or UNC path), if any."""
        try:
>           return self._drv
                   ^^^^^^^^^
E           AttributeError: 'pathlib.WindowsPath' object has no attribute '_drv'

C:\Python314\Lib\pathlib\__init__.py:345: AttributeError

During handling of the above exception, another exception occurred:

self = WindowsPath('C:/Users/azureuser/AppData/Local/Temp/pytest-of-azureuser/pytest-2/test_cookie_persistence0/cookies/u1.json')

    def __str__(self):
        """Return the string representation of the path, suitable for
        passing to system calls."""
        try:
>           return self._str
                   ^^^^^^^^^
E           AttributeError: 'pathlib.WindowsPath' object has no attribute '_str'

C:\Python314\Lib\pathlib\__init__.py:255: AttributeError

During handling of the above exception, another exception occurred:

self = WindowsPath('C:/Users/azureuser/AppData/Local/Temp/pytest-of-azureuser/pytest-2/test_cookie_persistence0/cookies/u1.json')

    @property
    def drive(self):
        """The drive prefix (letter or UNC path), if any."""
        try:
>           return self._drv
                   ^^^^^^^^^
E           AttributeError: 'pathlib.WindowsPath' object has no attribute '_drv'

C:\Python314\Lib\pathlib\__init__.py:345: AttributeError

During handling of the above exception, another exception occurred:

self = WindowsPath('C:/Users/azureuser/AppData/Local/Temp/pytest-of-azureuser/pytest-2/test_cookie_persistence0/cookies/u1.json')

    def __str__(self):
        """Return the string representation of the path, suitable for
        passing to system calls."""
        try:
>           return self._str
                   ^^^^^^^^^
E           AttributeError: 'pathlib.WindowsPath' object has no attribute '_str'

C:\Python314\Lib\pathlib\__init__.py:255: AttributeError

During handling of the above exception, another exception occurred:

self = WindowsPath('C:/Users/azureuser/AppData/Local/Temp/pytest-of-azureuser/pytest-2/test_cookie_persistence0/cookies/u1.json')

    @property
    def drive(self):
        """The drive prefix (letter or UNC path), if any."""
        try:
>           return self._drv
                   ^^^^^^^^^
E           AttributeError: 'pathlib.WindowsPath' object has no attribute '_drv'

C:\Python314\Lib\pathlib\__init__.py:345: AttributeError

During handling of the above exception, another exception occurred:

self = WindowsPath('C:/Users/azureuser/AppData/Local/Temp/pytest-of-azureuser/pytest-2/test_cookie_persistence0/cookies/u1.json')

    def __str__(self):
        """Return the string representation of the path, suitable for
        passing to system calls."""
        try:
>           return self._str
                   ^^^^^^^^^
E           AttributeError: 'pathlib.WindowsPath' object has no attribute '_str'

C:\Python314\Lib\pathlib\__init__.py:255: AttributeError

During handling of the above exception, another exception occurred:

self = WindowsPath('C:/Users/azureuser/AppData/Local/Temp/pytest-of-azureuser/pytest-2/test_cookie_persistence0/cookies/u1.json')

    @property
    def drive(self):
        """The drive prefix (letter or UNC path), if any."""
        try:
>           return self._drv
                   ^^^^^^^^^
E           AttributeError: 'pathlib.WindowsPath' object has no attribute '_drv'

C:\Python314\Lib\pathlib\__init__.py:345: AttributeError

During handling of the above exception, another exception occurred:

self = WindowsPath('C:/Users/azureuser/AppData/Local/Temp/pytest-of-azureuser/pytest-2/test_cookie_persistence0/cookies/u1.json')

    def __str__(self):
        """Return the string representation of the path, suitable for
        passing to system calls."""
        try:
>           return self._str
                   ^^^^^^^^^
E           AttributeError: 'pathlib.WindowsPath' object has no attribute '_str'

C:\Python314\Lib\pathlib\__init__.py:255: AttributeError

During handling of the above exception, another exception occurred:

self = WindowsPath('C:/Users/azureuser/AppData/Local/Temp/pytest-of-azureuser/pytest-2/test_cookie_persistence0/cookies/u1.json')

    @property
    def drive(self):
        """The drive prefix (letter or UNC path), if any."""
        try:
>           return self._drv
                   ^^^^^^^^^
E           AttributeError: 'pathlib.WindowsPath' object has no attribute '_drv'

C:\Python314\Lib\pathlib\__init__.py:345: AttributeError

During handling of the above exception, another exception occurred:

self = WindowsPath('C:/Users/azureuser/AppData/Local/Temp/pytest-of-azureuser/pytest-2/test_cookie_persistence0/cookies/u1.json')

    def __str__(self):
        """Return the string representation of the path, suitable for
        passing to system calls."""
        try:
>           return self._str
                   ^^^^^^^^^
E           AttributeError: 'pathlib.WindowsPath' object has no attribute '_str'

C:\Python314\Lib\pathlib\__init__.py:255: AttributeError

During handling of the above exception, another exception occurred:

self = WindowsPath('C:/Users/azureuser/AppData/Local/Temp/pytest-of-azureuser/pytest-2/test_cookie_persistence0/cookies/u1.json')

    @property
    def drive(self):
        """The drive prefix (letter or UNC path), if any."""
        try:
>           return self._drv
                   ^^^^^^^^^
E           AttributeError: 'pathlib.WindowsPath' object has no attribute '_drv'

C:\Python314\Lib\pathlib\__init__.py:345: AttributeError

During handling of the above exception, another exception occurred:

self = WindowsPath('C:/Users/azureuser/AppData/Local/Temp/pytest-of-azureuser/pytest-2/test_cookie_persistence0/cookies/u1.json')

    def __str__(self):
        """Return the string representation of the path, suitable for
        passing to system calls."""
        try:
>           return self._str
                   ^^^^^^^^^
E           AttributeError: 'pathlib.WindowsPath' object has no attribute '_str'

C:\Python314\Lib\pathlib\__init__.py:255: AttributeError

During handling of the above exception, another exception occurred:

self = WindowsPath('C:/Users/azureuser/AppData/Local/Temp/pytest-of-azureuser/pytest-2/test_cookie_persistence0/cookies/u1.json')

    @property
    def drive(self):
        """The drive prefix (letter or UNC path), if any."""
        try:
>           return self._drv
                   ^^^^^^^^^
E           AttributeError: 'pathlib.WindowsPath' object has no attribute '_drv'

C:\Python314\Lib\pathlib\__init__.py:345: AttributeError

During handling of the above exception, another exception occurred:

self = WindowsPath('C:/Users/azureuser/AppData/Local/Temp/pytest-of-azureuser/pytest-2/test_cookie_persistence0/cookies/u1.json')

    def __str__(self):
        """Return the string representation of the path, suitable for
        passing to system calls."""
        try:
>           return self._str
                   ^^^^^^^^^
E           AttributeError: 'pathlib.WindowsPath' object has no attribute '_str'

C:\Python314\Lib\pathlib\__init__.py:255: AttributeError

During handling of the above exception, another exception occurred:

self = WindowsPath('C:/Users/azureuser/AppData/Local/Temp/pytest-of-azureuser/pytest-2/test_cookie_persistence0/cookies/u1.json')

    @property
    def drive(self):
        """The drive prefix (letter or UNC path), if any."""
        try:
>           return self._drv
                   ^^^^^^^^^
E           AttributeError: 'pathlib.WindowsPath' object has no attribute '_drv'

C:\Python314\Lib\pathlib\__init__.py:345: AttributeError

During handling of the above exception, another exception occurred:

self = WindowsPath('C:/Users/azureuser/AppData/Local/Temp/pytest-of-azureuser/pytest-2/test_cookie_persistence0/cookies/u1.json')

    def __str__(self):
        """Return the string representation of the path, suitable for
        passing to system calls."""
        try:
>           return self._str
                   ^^^^^^^^^
E           AttributeError: 'pathlib.WindowsPath' object has no attribute '_str'

C:\Python314\Lib\pathlib\__init__.py:255: AttributeError

During handling of the above exception, another exception occurred:

self = WindowsPath('C:/Users/azureuser/AppData/Local/Temp/pytest-of-azureuser/pytest-2/test_cookie_persistence0/cookies/u1.json')

    @property
    def drive(self):
        """The drive prefix (letter or UNC path), if any."""
        try:
>           return self._drv
                   ^^^^^^^^^
E           AttributeError: 'pathlib.WindowsPath' object has no attribute '_drv'

C:\Python314\Lib\pathlib\__init__.py:345: AttributeError

During handling of the above exception, another exception occurred:

self = WindowsPath('C:/Users/azureuser/AppData/Local/Temp/pytest-of-azureuser/pytest-2/test_cookie_persistence0/cookies/u1.json')

    def __str__(self):
        """Return the string representation of the path, suitable for
        passing to system calls."""
        try:
>           return self._str
                   ^^^^^^^^^
E           AttributeError: 'pathlib.WindowsPath' object has no attribute '_str'

C:\Python314\Lib\pathlib\__init__.py:255: AttributeError

During handling of the above exception, another exception occurred:

self = WindowsPath('C:/Users/azureuser/AppData/Local/Temp/pytest-of-azureuser/pytest-2/test_cookie_persistence0/cookies/u1.json')

    @property
    def drive(self):
        """The drive prefix (letter or UNC path), if any."""
        try:
>           return self._drv
                   ^^^^^^^^^
E           AttributeError: 'pathlib.WindowsPath' object has no attribute '_drv'

C:\Python314\Lib\pathlib\__init__.py:345: AttributeError

During handling of the above exception, another exception occurred:

self = WindowsPath('C:/Users/azureuser/AppData/Local/Temp/pytest-of-azureuser/pytest-2/test_cookie_persistence0/cookies/u1.json')

    def __str__(self):
        """Return the string representation of the path, suitable for
        passing to system calls."""
        try:
>           return self._str
                   ^^^^^^^^^
E           AttributeError: 'pathlib.WindowsPath' object has no attribute '_str'

C:\Python314\Lib\pathlib\__init__.py:255: AttributeError

During handling of the above exception, another exception occurred:

self = WindowsPath('C:/Users/azureuser/AppData/Local/Temp/pytest-of-azureuser/pytest-2/test_cookie_persistence0/cookies/u1.json')

    @property
    def drive(self):
        """The drive prefix (letter or UNC path), if any."""
        try:
>           return self._drv
                   ^^^^^^^^^
E           AttributeError: 'pathlib.WindowsPath' object has no attribute '_drv'

C:\Python314\Lib\pathlib\__init__.py:345: AttributeError

During handling of the above exception, another exception occurred:

self = WindowsPath('C:/Users/azureuser/AppData/Local/Temp/pytest-of-azureuser/pytest-2/test_cookie_persistence0/cookies/u1.json')

    def __str__(self):
        """Return the string representation of the path, suitable for
        passing to system calls."""
        try:
>           return self._str
                   ^^^^^^^^^
E           AttributeError: 'pathlib.WindowsPath' object has no attribute '_str'

C:\Python314\Lib\pathlib\__init__.py:255: AttributeError

During handling of the above exception, another exception occurred:

self = WindowsPath('C:/Users/azureuser/AppData/Local/Temp/pytest-of-azureuser/pytest-2/test_cookie_persistence0/cookies/u1.json')

    @property
    def drive(self):
        """The drive prefix (letter or UNC path), if any."""
        try:
>           return self._drv
                   ^^^^^^^^^
E           AttributeError: 'pathlib.WindowsPath' object has no attribute '_drv'

C:\Python314\Lib\pathlib\__init__.py:345: AttributeError

During handling of the above exception, another exception occurred:

self = WindowsPath('C:/Users/azureuser/AppData/Local/Temp/pytest-of-azureuser/pytest-2/test_cookie_persistence0/cookies/u1.json')

    def __str__(self):
        """Return the string representation of the path, suitable for
        passing to system calls."""
        try:
>           return self._str
                   ^^^^^^^^^
E           AttributeError: 'pathlib.WindowsPath' object has no attribute '_str'

C:\Python314\Lib\pathlib\__init__.py:255: AttributeError

During handling of the above exception, another exception occurred:

self = WindowsPath('C:/Users/azureuser/AppData/Local/Temp/pytest-of-azureuser/pytest-2/test_cookie_persistence0/cookies/u1.json')

    @property
    def drive(self):
        """The drive prefix (letter or UNC path), if any."""
        try:
>           return self._drv
                   ^^^^^^^^^
E           AttributeError: 'pathlib.WindowsPath' object has no attribute '_drv'

C:\Python314\Lib\pathlib\__init__.py:345: AttributeError

During handling of the above exception, another exception occurred:

self = WindowsPath('C:/Users/azureuser/AppData/Local/Temp/pytest-of-azureuser/pytest-2/test_cookie_persistence0/cookies/u1.json')

    def __str__(self):
        """Return the string representation of the path, suitable for
        passing to system calls."""
        try:
>           return self._str
                   ^^^^^^^^^
E           AttributeError: 'pathlib.WindowsPath' object has no attribute '_str'

C:\Python314\Lib\pathlib\__init__.py:255: AttributeError

During handling of the above exception, another exception occurred:

self = WindowsPath('C:/Users/azureuser/AppData/Local/Temp/pytest-of-azureuser/pytest-2/test_cookie_persistence0/cookies/u1.json')

    @property
    def drive(self):
        """The drive prefix (letter or UNC path), if any."""
        try:
>           return self._drv
                   ^^^^^^^^^
E           AttributeError: 'pathlib.WindowsPath' object has no attribute '_drv'

C:\Python314\Lib\pathlib\__init__.py:345: AttributeError

During handling of the above exception, another exception occurred:

self = WindowsPath('C:/Users/azureuser/AppData/Local/Temp/pytest-of-azureuser/pytest-2/test_cookie_persistence0/cookies/u1.json')

    def __str__(self):
        """Return the string representation of the path, suitable for
        passing to system calls."""
        try:
>           return self._str
                   ^^^^^^^^^
E           AttributeError: 'pathlib.WindowsPath' object has no attribute '_str'

C:\Python314\Lib\pathlib\__init__.py:255: AttributeError

During handling of the above exception, another exception occurred:

self = WindowsPath('C:/Users/azureuser/AppData/Local/Temp/pytest-of-azureuser/pytest-2/test_cookie_persistence0/cookies/u1.json')

    @property
    def drive(self):
        """The drive prefix (letter or UNC path), if any."""
        try:
>           return self._drv
                   ^^^^^^^^^
E           AttributeError: 'pathlib.WindowsPath' object has no attribute '_drv'

C:\Python314\Lib\pathlib\__init__.py:345: AttributeError

During handling of the above exception, another exception occurred:

self = WindowsPath('C:/Users/azureuser/AppData/Local/Temp/pytest-of-azureuser/pytest-2/test_cookie_persistence0/cookies/u1.json')

    def __str__(self):
        """Return the string representation of the path, suitable for
        passing to system calls."""
        try:
>           return self._str
                   ^^^^^^^^^
E           AttributeError: 'pathlib.WindowsPath' object has no attribute '_str'

C:\Python314\Lib\pathlib\__init__.py:255: AttributeError

During handling of the above exception, another exception occurred:

self = WindowsPath('C:/Users/azureuser/AppData/Local/Temp/pytest-of-azureuser/pytest-2/test_cookie_persistence0/cookies/u1.json')

    @property
    def drive(self):
        """The drive prefix (letter or UNC path), if any."""
        try:
>           return self._drv
                   ^^^^^^^^^
E           AttributeError: 'pathlib.WindowsPath' object has no attribute '_drv'

C:\Python314\Lib\pathlib\__init__.py:345: AttributeError

During handling of the above exception, another exception occurred:

self = WindowsPath('C:/Users/azureuser/AppData/Local/Temp/pytest-of-azureuser/pytest-2/test_cookie_persistence0/cookies/u1.json')

    def __str__(self):
        """Return the string representation of the path, suitable for
        passing to system calls."""
        try:
>           return self._str
                   ^^^^^^^^^
E           AttributeError: 'pathlib.WindowsPath' object has no attribute '_str'

C:\Python314\Lib\pathlib\__init__.py:255: AttributeError

During handling of the above exception, another exception occurred:

self = WindowsPath('C:/Users/azureuser/AppData/Local/Temp/pytest-of-azureuser/pytest-2/test_cookie_persistence0/cookies/u1.json')

    @property
    def drive(self):
        """The drive prefix (letter or UNC path), if any."""
        try:
>           return self._drv
                   ^^^^^^^^^
E           AttributeError: 'pathlib.WindowsPath' object has no attribute '_drv'

C:\Python314\Lib\pathlib\__init__.py:345: AttributeError

During handling of the above exception, another exception occurred:

self = WindowsPath('C:/Users/azureuser/AppData/Local/Temp/pytest-of-azureuser/pytest-2/test_cookie_persistence0/cookies/u1.json')

    def __str__(self):
        """Return the string representation of the path, suitable for
        passing to system calls."""
        try:
>           return self._str
                   ^^^^^^^^^
E           AttributeError: 'pathlib.WindowsPath' object has no attribute '_str'

C:\Python314\Lib\pathlib\__init__.py:255: AttributeError

During handling of the above exception, another exception occurred:

self = WindowsPath('C:/Users/azureuser/AppData/Local/Temp/pytest-of-azureuser/pytest-2/test_cookie_persistence0/cookies/u1.json')

    @property
    def drive(self):
        """The drive prefix (letter or UNC path), if any."""
        try:
>           return self._drv
                   ^^^^^^^^^
E           AttributeError: 'pathlib.WindowsPath' object has no attribute '_drv'

C:\Python314\Lib\pathlib\__init__.py:345: AttributeError

During handling of the above exception, another exception occurred:

self = WindowsPath('C:/Users/azureuser/AppData/Local/Temp/pytest-of-azureuser/pytest-2/test_cookie_persistence0/cookies/u1.json')

    def __str__(self):
        """Return the string representation of the path, suitable for
        passing to system calls."""
        try:
>           return self._str
                   ^^^^^^^^^
E           AttributeError: 'pathlib.WindowsPath' object has no attribute '_str'

C:\Python314\Lib\pathlib\__init__.py:255: AttributeError

During handling of the above exception, another exception occurred:

self = WindowsPath('C:/Users/azureuser/AppData/Local/Temp/pytest-of-azureuser/pytest-2/test_cookie_persistence0/cookies/u1.json')

    @property
    def drive(self):
        """The drive prefix (letter or UNC path), if any."""
        try:
>           return self._drv
                   ^^^^^^^^^
E           AttributeError: 'pathlib.WindowsPath' object has no attribute '_drv'

C:\Python314\Lib\pathlib\__init__.py:345: AttributeError

During handling of the above exception, another exception occurred:

self = WindowsPath('C:/Users/azureuser/AppData/Local/Temp/pytest-of-azureuser/pytest-2/test_cookie_persistence0/cookies/u1.json')

    def __str__(self):
        """Return the string representation of the path, suitable for
        passing to system calls."""
        try:
>           return self._str
                   ^^^^^^^^^
E           AttributeError: 'pathlib.WindowsPath' object has no attribute '_str'

C:\Python314\Lib\pathlib\__init__.py:255: AttributeError

During handling of the above exception, another exception occurred:

self = WindowsPath('C:/Users/azureuser/AppData/Local/Temp/pytest-of-azureuser/pytest-2/test_cookie_persistence0/cookies/u1.json')

    @property
    def drive(self):
        """The drive prefix (letter or UNC path), if any."""
        try:
>           return self._drv
                   ^^^^^^^^^
E           AttributeError: 'pathlib.WindowsPath' object has no attribute '_drv'

C:\Python314\Lib\pathlib\__init__.py:345: AttributeError

During handling of the above exception, another exception occurred:

self = WindowsPath('C:/Users/azureuser/AppData/Local/Temp/pytest-of-azureuser/pytest-2/test_cookie_persistence0/cookies/u1.json')

    def __str__(self):
        """Return the string representation of the path, suitable for
        passing to system calls."""
        try:
>           return self._str
                   ^^^^^^^^^
E           AttributeError: 'pathlib.WindowsPath' object has no attribute '_str'

C:\Python314\Lib\pathlib\__init__.py:255: AttributeError

During handling of the above exception, another exception occurred:

self = WindowsPath('C:/Users/azureuser/AppData/Local/Temp/pytest-of-azureuser/pytest-2/test_cookie_persistence0/cookies/u1.json')

    @property
    def drive(self):
        """The drive prefix (letter or UNC path), if any."""
        try:
>           return self._drv
                   ^^^^^^^^^
E           AttributeError: 'pathlib.WindowsPath' object has no attribute '_drv'

C:\Python314\Lib\pathlib\__init__.py:345: AttributeError

During handling of the above exception, another exception occurred:

self = WindowsPath('C:/Users/azureuser/AppData/Local/Temp/pytest-of-azureuser/pytest-2/test_cookie_persistence0/cookies/u1.json')

    def __str__(self):
        """Return the string representation of the path, suitable for
        passing to system calls."""
        try:
>           return self._str
                   ^^^^^^^^^
E           AttributeError: 'pathlib.WindowsPath' object has no attribute '_str'

C:\Python314\Lib\pathlib\__init__.py:255: AttributeError

During handling of the above exception, another exception occurred:

self = WindowsPath('C:/Users/azureuser/AppData/Local/Temp/pytest-of-azureuser/pytest-2/test_cookie_persistence0/cookies/u1.json')

    @property
    def drive(self):
        """The drive prefix (letter or UNC path), if any."""
        try:
>           return self._drv
                   ^^^^^^^^^
E           AttributeError: 'pathlib.WindowsPath' object has no attribute '_drv'

C:\Python314\Lib\pathlib\__init__.py:345: AttributeError

During handling of the above exception, another exception occurred:

self = WindowsPath('C:/Users/azureuser/AppData/Local/Temp/pytest-of-azureuser/pytest-2/test_cookie_persistence0/cookies/u1.json')

    def __str__(self):
        """Return the string representation of the path, suitable for
        passing to system calls."""
        try:
>           return self._str
                   ^^^^^^^^^
E           AttributeError: 'pathlib.WindowsPath' object has no attribute '_str'

C:\Python314\Lib\pathlib\__init__.py:255: AttributeError

During handling of the above exception, another exception occurred:

self = WindowsPath('C:/Users/azureuser/AppData/Local/Temp/pytest-of-azureuser/pytest-2/test_cookie_persistence0/cookies/u1.json')

    @property
    def drive(self):
        """The drive prefix (letter or UNC path), if any."""
        try:
>           return self._drv
                   ^^^^^^^^^
E           AttributeError: 'pathlib.WindowsPath' object has no attribute '_drv'

C:\Python314\Lib\pathlib\__init__.py:345: AttributeError

During handling of the above exception, another exception occurred:

self = WindowsPath('C:/Users/azureuser/AppData/Local/Temp/pytest-of-azureuser/pytest-2/test_cookie_persistence0/cookies/u1.json')

    def __str__(self):
        """Return the string representation of the path, suitable for
        passing to system calls."""
        try:
>           return self._str
                   ^^^^^^^^^
E           AttributeError: 'pathlib.WindowsPath' object has no attribute '_str'

C:\Python314\Lib\pathlib\__init__.py:255: AttributeError

During handling of the above exception, another exception occurred:

self = WindowsPath('C:/Users/azureuser/AppData/Local/Temp/pytest-of-azureuser/pytest-2/test_cookie_persistence0/cookies/u1.json')

    @property
    def drive(self):
        """The drive prefix (letter or UNC path), if any."""
        try:
>           return self._drv
                   ^^^^^^^^^
E           AttributeError: 'pathlib.WindowsPath' object has no attribute '_drv'

C:\Python314\Lib\pathlib\__init__.py:345: AttributeError

During handling of the above exception, another exception occurred:

self = WindowsPath('C:/Users/azureuser/AppData/Local/Temp/pytest-of-azureuser/pytest-2/test_cookie_persistence0/cookies/u1.json')

    def __str__(self):
        """Return the string representation of the path, suitable for
        passing to system calls."""
        try:
>           return self._str
                   ^^^^^^^^^
E           AttributeError: 'pathlib.WindowsPath' object has no attribute '_str'

C:\Python314\Lib\pathlib\__init__.py:255: AttributeError

During handling of the above exception, another exception occurred:

self = WindowsPath('C:/Users/azureuser/AppData/Local/Temp/pytest-of-azureuser/pytest-2/test_cookie_persistence0/cookies/u1.json')

    @property
    def drive(self):
        """The drive prefix (letter or UNC path), if any."""
        try:
>           return self._drv
                   ^^^^^^^^^
E           AttributeError: 'pathlib.WindowsPath' object has no attribute '_drv'

C:\Python314\Lib\pathlib\__init__.py:345: AttributeError

During handling of the above exception, another exception occurred:

self = WindowsPath('C:/Users/azureuser/AppData/Local/Temp/pytest-of-azureuser/pytest-2/test_cookie_persistence0/cookies/u1.json')

    def __str__(self):
        """Return the string representation of the path, suitable for
        passing to system calls."""
        try:
>           return self._str
                   ^^^^^^^^^
E           AttributeError: 'pathlib.WindowsPath' object has no attribute '_str'

C:\Python314\Lib\pathlib\__init__.py:255: AttributeError

During handling of the above exception, another exception occurred:

self = WindowsPath('C:/Users/azureuser/AppData/Local/Temp/pytest-of-azureuser/pytest-2/test_cookie_persistence0/cookies/u1.json')

    @property
    def drive(self):
        """The drive prefix (letter or UNC path), if any."""
        try:
>           return self._drv
                   ^^^^^^^^^
E           AttributeError: 'pathlib.WindowsPath' object has no attribute '_drv'

C:\Python314\Lib\pathlib\__init__.py:345: AttributeError

During handling of the above exception, another exception occurred:

self = WindowsPath('C:/Users/azureuser/AppData/Local/Temp/pytest-of-azureuser/pytest-2/test_cookie_persistence0/cookies/u1.json')

    def __str__(self):
        """Return the string representation of the path, suitable for
        passing to system calls."""
        try:
>           return self._str
                   ^^^^^^^^^
E           AttributeError: 'pathlib.WindowsPath' object has no attribute '_str'

C:\Python314\Lib\pathlib\__init__.py:255: AttributeError

During handling of the above exception, another exception occurred:

self = WindowsPath('C:/Users/azureuser/AppData/Local/Temp/pytest-of-azureuser/pytest-2/test_cookie_persistence0/cookies/u1.json')

    @property
    def drive(self):
        """The drive prefix (letter or UNC path), if any."""
        try:
>           return self._drv
                   ^^^^^^^^^
E           AttributeError: 'pathlib.WindowsPath' object has no attribute '_drv'

C:\Python314\Lib\pathlib\__init__.py:345: AttributeError

During handling of the above exception, another exception occurred:

self = WindowsPath('C:/Users/azureuser/AppData/Local/Temp/pytest-of-azureuser/pytest-2/test_cookie_persistence0/cookies/u1.json')

    def __str__(self):
        """Return the string representation of the path, suitable for
        passing to system calls."""
        try:
>           return self._str
                   ^^^^^^^^^
E           AttributeError: 'pathlib.WindowsPath' object has no attribute '_str'

C:\Python314\Lib\pathlib\__init__.py:255: AttributeError

During handling of the above exception, another exception occurred:

self = WindowsPath('C:/Users/azureuser/AppData/Local/Temp/pytest-of-azureuser/pytest-2/test_cookie_persistence0/cookies/u1.json')

    @property
    def drive(self):
        """The drive prefix (letter or UNC path), if any."""
        try:
>           return self._drv
                   ^^^^^^^^^
E           AttributeError: 'pathlib.WindowsPath' object has no attribute '_drv'

C:\Python314\Lib\pathlib\__init__.py:345: AttributeError

During handling of the above exception, another exception occurred:

self = WindowsPath('C:/Users/azureuser/AppData/Local/Temp/pytest-of-azureuser/pytest-2/test_cookie_persistence0/cookies/u1.json')

    def __str__(self):
        """Return the string representation of the path, suitable for
        passing to system calls."""
        try:
>           return self._str
                   ^^^^^^^^^
E           AttributeError: 'pathlib.WindowsPath' object has no attribute '_str'

C:\Python314\Lib\pathlib\__init__.py:255: AttributeError

During handling of the above exception, another exception occurred:

self = WindowsPath('C:/Users/azureuser/AppData/Local/Temp/pytest-of-azureuser/pytest-2/test_cookie_persistence0/cookies/u1.json')

    @property
    def drive(self):
        """The drive prefix (letter or UNC path), if any."""
        try:
>           return self._drv
                   ^^^^^^^^^
E           AttributeError: 'pathlib.WindowsPath' object has no attribute '_drv'

C:\Python314\Lib\pathlib\__init__.py:345: AttributeError

During handling of the above exception, another exception occurred:

self = WindowsPath('C:/Users/azureuser/AppData/Local/Temp/pytest-of-azureuser/pytest-2/test_cookie_persistence0/cookies/u1.json')

    def __str__(self):
        """Return the string representation of the path, suitable for
        passing to system calls."""
        try:
>           return self._str
                   ^^^^^^^^^
E           AttributeError: 'pathlib.WindowsPath' object has no attribute '_str'

C:\Python314\Lib\pathlib\__init__.py:255: AttributeError

During handling of the above exception, another exception occurred:

self = WindowsPath('C:/Users/azureuser/AppData/Local/Temp/pytest-of-azureuser/pytest-2/test_cookie_persistence0/cookies/u1.json')

    @property
    def drive(self):
        """The drive prefix (letter or UNC path), if any."""
        try:
>           return self._drv
                   ^^^^^^^^^
E           AttributeError: 'pathlib.WindowsPath' object has no attribute '_drv'

C:\Python314\Lib\pathlib\__init__.py:345: AttributeError

During handling of the above exception, another exception occurred:

self = WindowsPath('C:/Users/azureuser/AppData/Local/Temp/pytest-of-azureuser/pytest-2/test_cookie_persistence0/cookies/u1.json')

    def __str__(self):
        """Return the string representation of the path, suitable for
        passing to system calls."""
        try:
>           return self._str
                   ^^^^^^^^^
E           AttributeError: 'pathlib.WindowsPath' object has no attribute '_str'

C:\Python314\Lib\pathlib\__init__.py:255: AttributeError

During handling of the above exception, another exception occurred:

self = WindowsPath('C:/Users/azureuser/AppData/Local/Temp/pytest-of-azureuser/pytest-2/test_cookie_persistence0/cookies/u1.json')

    @property
    def drive(self):
        """The drive prefix (letter or UNC path), if any."""
        try:
>           return self._drv
                   ^^^^^^^^^
E           AttributeError: 'pathlib.WindowsPath' object has no attribute '_drv'

C:\Python314\Lib\pathlib\__init__.py:345: AttributeError

During handling of the above exception, another exception occurred:

self = WindowsPath('C:/Users/azureuser/AppData/Local/Temp/pytest-of-azureuser/pytest-2/test_cookie_persistence0/cookies/u1.json')

    def __str__(self):
        """Return the string representation of the path, suitable for
        passing to system calls."""
        try:
>           return self._str
                   ^^^^^^^^^
E           AttributeError: 'pathlib.WindowsPath' object has no attribute '_str'

C:\Python314\Lib\pathlib\__init__.py:255: AttributeError

During handling of the above exception, another exception occurred:

self = WindowsPath('C:/Users/azureuser/AppData/Local/Temp/pytest-of-azureuser/pytest-2/test_cookie_persistence0/cookies/u1.json')

    @property
    def drive(self):
        """The drive prefix (letter or UNC path), if any."""
        try:
>           return self._drv
                   ^^^^^^^^^
E           AttributeError: 'pathlib.WindowsPath' object has no attribute '_drv'

C:\Python314\Lib\pathlib\__init__.py:345: AttributeError

During handling of the above exception, another exception occurred:

self = WindowsPath('C:/Users/azureuser/AppData/Local/Temp/pytest-of-azureuser/pytest-2/test_cookie_persistence0/cookies/u1.json')

    def __str__(self):
        """Return the string representation of the path, suitable for
        passing to system calls."""
        try:
>           return self._str
                   ^^^^^^^^^
E           AttributeError: 'pathlib.WindowsPath' object has no attribute '_str'

C:\Python314\Lib\pathlib\__init__.py:255: AttributeError

During handling of the above exception, another exception occurred:

self = WindowsPath('C:/Users/azureuser/AppData/Local/Temp/pytest-of-azureuser/pytest-2/test_cookie_persistence0/cookies/u1.json')

    @property
    def drive(self):
        """The drive prefix (letter or UNC path), if any."""
        try:
>           return self._drv
                   ^^^^^^^^^
E           AttributeError: 'pathlib.WindowsPath' object has no attribute '_drv'

C:\Python314\Lib\pathlib\__init__.py:345: AttributeError

During handling of the above exception, another exception occurred:

self = WindowsPath('C:/Users/azureuser/AppData/Local/Temp/pytest-of-azureuser/pytest-2/test_cookie_persistence0/cookies/u1.json')

    def __str__(self):
        """Return the string representation of the path, suitable for
        passing to system calls."""
        try:
>           return self._str
                   ^^^^^^^^^
E           AttributeError: 'pathlib.WindowsPath' object has no attribute '_str'

C:\Python314\Lib\pathlib\__init__.py:255: AttributeError

During handling of the above exception, another exception occurred:

self = WindowsPath('C:/Users/azureuser/AppData/Local/Temp/pytest-of-azureuser/pytest-2/test_cookie_persistence0/cookies/u1.json')

    @property
    def drive(self):
        """The drive prefix (letter or UNC path), if any."""
        try:
>           return self._drv
                   ^^^^^^^^^
E           AttributeError: 'pathlib.WindowsPath' object has no attribute '_drv'

C:\Python314\Lib\pathlib\__init__.py:345: AttributeError

During handling of the above exception, another exception occurred:

self = WindowsPath('C:/Users/azureuser/AppData/Local/Temp/pytest-of-azureuser/pytest-2/test_cookie_persistence0/cookies/u1.json')

    def __str__(self):
        """Return the string representation of the path, suitable for
        passing to system calls."""
        try:
>           return self._str
                   ^^^^^^^^^
E           AttributeError: 'pathlib.WindowsPath' object has no attribute '_str'

C:\Python314\Lib\pathlib\__init__.py:255: AttributeError

During handling of the above exception, another exception occurred:

self = WindowsPath('C:/Users/azureuser/AppData/Local/Temp/pytest-of-azureuser/pytest-2/test_cookie_persistence0/cookies/u1.json')

    @property
    def drive(self):
        """The drive prefix (letter or UNC path), if any."""
        try:
>           return self._drv
                   ^^^^^^^^^
E           AttributeError: 'pathlib.WindowsPath' object has no attribute '_drv'

C:\Python314\Lib\pathlib\__init__.py:345: AttributeError

During handling of the above exception, another exception occurred:

self = WindowsPath('C:/Users/azureuser/AppData/Local/Temp/pytest-of-azureuser/pytest-2/test_cookie_persistence0/cookies/u1.json')

    def __str__(self):
        """Return the string representation of the path, suitable for
        passing to system calls."""
        try:
>           return self._str
                   ^^^^^^^^^
E           AttributeError: 'pathlib.WindowsPath' object has no attribute '_str'

C:\Python314\Lib\pathlib\__init__.py:255: AttributeError

During handling of the above exception, another exception occurred:

self = WindowsPath('C:/Users/azureuser/AppData/Local/Temp/pytest-of-azureuser/pytest-2/test_cookie_persistence0/cookies/u1.json')

    @property
    def drive(self):
        """The drive prefix (letter or UNC path), if any."""
        try:
>           return self._drv
                   ^^^^^^^^^
E           AttributeError: 'pathlib.WindowsPath' object has no attribute '_drv'

C:\Python314\Lib\pathlib\__init__.py:345: AttributeError

During handling of the above exception, another exception occurred:

self = WindowsPath('C:/Users/azureuser/AppData/Local/Temp/pytest-of-azureuser/pytest-2/test_cookie_persistence0/cookies/u1.json')

    def __str__(self):
        """Return the string representation of the path, suitable for
        passing to system calls."""
        try:
>           return self._str
                   ^^^^^^^^^
E           AttributeError: 'pathlib.WindowsPath' object has no attribute '_str'

C:\Python314\Lib\pathlib\__init__.py:255: AttributeError

During handling of the above exception, another exception occurred:

self = WindowsPath('C:/Users/azureuser/AppData/Local/Temp/pytest-of-azureuser/pytest-2/test_cookie_persistence0/cookies/u1.json')

    @property
    def drive(self):
        """The drive prefix (letter or UNC path), if any."""
        try:
>           return self._drv
                   ^^^^^^^^^
E           AttributeError: 'pathlib.WindowsPath' object has no attribute '_drv'

C:\Python314\Lib\pathlib\__init__.py:345: AttributeError

During handling of the above exception, another exception occurred:

self = WindowsPath('C:/Users/azureuser/AppData/Local/Temp/pytest-of-azureuser/pytest-2/test_cookie_persistence0/cookies/u1.json')

    def __str__(self):
        """Return the string representation of the path, suitable for
        passing to system calls."""
        try:
>           return self._str
                   ^^^^^^^^^
E           AttributeError: 'pathlib.WindowsPath' object has no attribute '_str'

C:\Python314\Lib\pathlib\__init__.py:255: AttributeError

During handling of the above exception, another exception occurred:

self = WindowsPath('C:/Users/azureuser/AppData/Local/Temp/pytest-of-azureuser/pytest-2/test_cookie_persistence0/cookies/u1.json')

    @property
    def drive(self):
        """The drive prefix (letter or UNC path), if any."""
        try:
>           return self._drv
                   ^^^^^^^^^
E           AttributeError: 'pathlib.WindowsPath' object has no attribute '_drv'

C:\Python314\Lib\pathlib\__init__.py:345: AttributeError

During handling of the above exception, another exception occurred:

self = WindowsPath('C:/Users/azureuser/AppData/Local/Temp/pytest-of-azureuser/pytest-2/test_cookie_persistence0/cookies/u1.json')

    def __str__(self):
        """Return the string representation of the path, suitable for
        passing to system calls."""
        try:
>           return self._str
                   ^^^^^^^^^
E           AttributeError: 'pathlib.WindowsPath' object has no attribute '_str'

C:\Python314\Lib\pathlib\__init__.py:255: AttributeError

During handling of the above exception, another exception occurred:

self = WindowsPath('C:/Users/azureuser/AppData/Local/Temp/pytest-of-azureuser/pytest-2/test_cookie_persistence0/cookies/u1.json')

    @property
    def drive(self):
        """The drive prefix (letter or UNC path), if any."""
        try:
>           return self._drv
                   ^^^^^^^^^
E           AttributeError: 'pathlib.WindowsPath' object has no attribute '_drv'

C:\Python314\Lib\pathlib\__init__.py:345: AttributeError

During handling of the above exception, another exception occurred:

self = WindowsPath('C:/Users/azureuser/AppData/Local/Temp/pytest-of-azureuser/pytest-2/test_cookie_persistence0/cookies/u1.json')

    def __str__(self):
        """Return the string representation of the path, suitable for
        passing to system calls."""
        try:
>           return self._str
                   ^^^^^^^^^
E           AttributeError: 'pathlib.WindowsPath' object has no attribute '_str'

C:\Python314\Lib\pathlib\__init__.py:255: AttributeError

During handling of the above exception, another exception occurred:

self = WindowsPath('C:/Users/azureuser/AppData/Local/Temp/pytest-of-azureuser/pytest-2/test_cookie_persistence0/cookies/u1.json')

    @property
    def drive(self):
        """The drive prefix (letter or UNC path), if any."""
        try:
>           return self._drv
                   ^^^^^^^^^
E           AttributeError: 'pathlib.WindowsPath' object has no attribute '_drv'

C:\Python314\Lib\pathlib\__init__.py:345: AttributeError

During handling of the above exception, another exception occurred:

self = WindowsPath('C:/Users/azureuser/AppData/Local/Temp/pytest-of-azureuser/pytest-2/test_cookie_persistence0/cookies/u1.json')

    def __str__(self):
        """Return the string representation of the path, suitable for
        passing to system calls."""
        try:
>           return self._str
                   ^^^^^^^^^
E           AttributeError: 'pathlib.WindowsPath' object has no attribute '_str'

C:\Python314\Lib\pathlib\__init__.py:255: AttributeError

During handling of the above exception, another exception occurred:

self = WindowsPath('C:/Users/azureuser/AppData/Local/Temp/pytest-of-azureuser/pytest-2/test_cookie_persistence0/cookies/u1.json')

    @property
    def drive(self):
        """The drive prefix (letter or UNC path), if any."""
        try:
>           return self._drv
                   ^^^^^^^^^
E           AttributeError: 'pathlib.WindowsPath' object has no attribute '_drv'

C:\Python314\Lib\pathlib\__init__.py:345: AttributeError

During handling of the above exception, another exception occurred:

self = WindowsPath('C:/Users/azureuser/AppData/Local/Temp/pytest-of-azureuser/pytest-2/test_cookie_persistence0/cookies/u1.json')

    def __str__(self):
        """Return the string representation of the path, suitable for
        passing to system calls."""
        try:
>           return self._str
                   ^^^^^^^^^
E           AttributeError: 'pathlib.WindowsPath' object has no attribute '_str'

C:\Python314\Lib\pathlib\__init__.py:255: AttributeError

During handling of the above exception, another exception occurred:

self = WindowsPath('C:/Users/azureuser/AppData/Local/Temp/pytest-of-azureuser/pytest-2/test_cookie_persistence0/cookies/u1.json')

    @property
    def drive(self):
        """The drive prefix (letter or UNC path), if any."""
        try:
>           return self._drv
                   ^^^^^^^^^
E           AttributeError: 'pathlib.WindowsPath' object has no attribute '_drv'

C:\Python314\Lib\pathlib\__init__.py:345: AttributeError

During handling of the above exception, another exception occurred:

self = WindowsPath('C:/Users/azureuser/AppData/Local/Temp/pytest-of-azureuser/pytest-2/test_cookie_persistence0/cookies/u1.json')

    def __str__(self):
        """Return the string representation of the path, suitable for
        passing to system calls."""
        try:
>           return self._str
                   ^^^^^^^^^
E           AttributeError: 'pathlib.WindowsPath' object has no attribute '_str'

C:\Python314\Lib\pathlib\__init__.py:255: AttributeError

During handling of the above exception, another exception occurred:

self = WindowsPath('C:/Users/azureuser/AppData/Local/Temp/pytest-of-azureuser/pytest-2/test_cookie_persistence0/cookies/u1.json')

    @property
    def drive(self):
        """The drive prefix (letter or UNC path), if any."""
        try:
>           return self._drv
                   ^^^^^^^^^
E           AttributeError: 'pathlib.WindowsPath' object has no attribute '_drv'

C:\Python314\Lib\pathlib\__init__.py:345: AttributeError

During handling of the above exception, another exception occurred:

self = WindowsPath('C:/Users/azureuser/AppData/Local/Temp/pytest-of-azureuser/pytest-2/test_cookie_persistence0/cookies/u1.json')

    def __str__(self):
        """Return the string representation of the path, suitable for
        passing to system calls."""
        try:
>           return self._str
                   ^^^^^^^^^
E           AttributeError: 'pathlib.WindowsPath' object has no attribute '_str'

C:\Python314\Lib\pathlib\__init__.py:255: AttributeError

During handling of the above exception, another exception occurred:

self = WindowsPath('C:/Users/azureuser/AppData/Local/Temp/pytest-of-azureuser/pytest-2/test_cookie_persistence0/cookies/u1.json')

    @property
    def drive(self):
        """The drive prefix (letter or UNC path), if any."""
        try:
>           return self._drv
                   ^^^^^^^^^
E           AttributeError: 'pathlib.WindowsPath' object has no attribute '_drv'

C:\Python314\Lib\pathlib\__init__.py:345: AttributeError

During handling of the above exception, another exception occurred:

self = WindowsPath('C:/Users/azureuser/AppData/Local/Temp/pytest-of-azureuser/pytest-2/test_cookie_persistence0/cookies/u1.json')

    def __str__(self):
        """Return the string representation of the path, suitable for
        passing to system calls."""
        try:
>           return self._str
                   ^^^^^^^^^
E           AttributeError: 'pathlib.WindowsPath' object has no attribute '_str'

C:\Python314\Lib\pathlib\__init__.py:255: AttributeError

During handling of the above exception, another exception occurred:

self = WindowsPath('C:/Users/azureuser/AppData/Local/Temp/pytest-of-azureuser/pytest-2/test_cookie_persistence0/cookies/u1.json')

    @property
    def drive(self):
        """The drive prefix (letter or UNC path), if any."""
        try:
>           return self._drv
                   ^^^^^^^^^
E           AttributeError: 'pathlib.WindowsPath' object has no attribute '_drv'

C:\Python314\Lib\pathlib\__init__.py:345: AttributeError

During handling of the above exception, another exception occurred:

self = WindowsPath('C:/Users/azureuser/AppData/Local/Temp/pytest-of-azureuser/pytest-2/test_cookie_persistence0/cookies/u1.json')

    def __str__(self):
        """Return the string representation of the path, suitable for
        passing to system calls."""
        try:
>           return self._str
                   ^^^^^^^^^
E           AttributeError: 'pathlib.WindowsPath' object has no attribute '_str'

C:\Python314\Lib\pathlib\__init__.py:255: AttributeError

During handling of the above exception, another exception occurred:

self = WindowsPath('C:/Users/azureuser/AppData/Local/Temp/pytest-of-azureuser/pytest-2/test_cookie_persistence0/cookies/u1.json')

    @property
    def drive(self):
        """The drive prefix (letter or UNC path), if any."""
        try:
>           return self._drv
                   ^^^^^^^^^
E           AttributeError: 'pathlib.WindowsPath' object has no attribute '_drv'

C:\Python314\Lib\pathlib\__init__.py:345: AttributeError

During handling of the above exception, another exception occurred:

self = WindowsPath('C:/Users/azureuser/AppData/Local/Temp/pytest-of-azureuser/pytest-2/test_cookie_persistence0/cookies/u1.json')

    def __str__(self):
        """Return the string representation of the path, suitable for
        passing to system calls."""
        try:
>           return self._str
                   ^^^^^^^^^
E           AttributeError: 'pathlib.WindowsPath' object has no attribute '_str'

C:\Python314\Lib\pathlib\__init__.py:255: AttributeError

During handling of the above exception, another exception occurred:

self = WindowsPath('C:/Users/azureuser/AppData/Local/Temp/pytest-of-azureuser/pytest-2/test_cookie_persistence0/cookies/u1.json')

    @property
    def drive(self):
        """The drive prefix (letter or UNC path), if any."""
        try:
>           return self._drv
                   ^^^^^^^^^
E           AttributeError: 'pathlib.WindowsPath' object has no attribute '_drv'

C:\Python314\Lib\pathlib\__init__.py:345: AttributeError

During handling of the above exception, another exception occurred:

self = WindowsPath('C:/Users/azureuser/AppData/Local/Temp/pytest-of-azureuser/pytest-2/test_cookie_persistence0/cookies/u1.json')

    def __str__(self):
        """Return the string representation of the path, suitable for
        passing to system calls."""
        try:
>           return self._str
                   ^^^^^^^^^
E           AttributeError: 'pathlib.WindowsPath' object has no attribute '_str'

C:\Python314\Lib\pathlib\__init__.py:255: AttributeError

During handling of the above exception, another exception occurred:

self = WindowsPath('C:/Users/azureuser/AppData/Local/Temp/pytest-of-azureuser/pytest-2/test_cookie_persistence0/cookies/u1.json')

    @property
    def drive(self):
        """The drive prefix (letter or UNC path), if any."""
        try:
>           return self._drv
                   ^^^^^^^^^
E           AttributeError: 'pathlib.WindowsPath' object has no attribute '_drv'

C:\Python314\Lib\pathlib\__init__.py:345: AttributeError

During handling of the above exception, another exception occurred:

self = WindowsPath('C:/Users/azureuser/AppData/Local/Temp/pytest-of-azureuser/pytest-2/test_cookie_persistence0/cookies/u1.json')

    def __str__(self):
        """Return the string representation of the path, suitable for
        passing to system calls."""
        try:
>           return self._str
                   ^^^^^^^^^
E           AttributeError: 'pathlib.WindowsPath' object has no attribute '_str'

C:\Python314\Lib\pathlib\__init__.py:255: AttributeError

During handling of the above exception, another exception occurred:

self = WindowsPath('C:/Users/azureuser/AppData/Local/Temp/pytest-of-azureuser/pytest-2/test_cookie_persistence0/cookies/u1.json')

    @property
    def drive(self):
        """The drive prefix (letter or UNC path), if any."""
        try:
>           return self._drv
                   ^^^^^^^^^
E           AttributeError: 'pathlib.WindowsPath' object has no attribute '_drv'

C:\Python314\Lib\pathlib\__init__.py:345: AttributeError

During handling of the above exception, another exception occurred:

self = WindowsPath('C:/Users/azureuser/AppData/Local/Temp/pytest-of-azureuser/pytest-2/test_cookie_persistence0/cookies/u1.json')

    def __str__(self):
        """Return the string representation of the path, suitable for
        passing to system calls."""
        try:
>           return self._str
                   ^^^^^^^^^
E           AttributeError: 'pathlib.WindowsPath' object has no attribute '_str'

C:\Python314\Lib\pathlib\__init__.py:255: AttributeError

During handling of the above exception, another exception occurred:

self = WindowsPath('C:/Users/azureuser/AppData/Local/Temp/pytest-of-azureuser/pytest-2/test_cookie_persistence0/cookies/u1.json')

    @property
    def drive(self):
        """The drive prefix (letter or UNC path), if any."""
        try:
>           return self._drv
                   ^^^^^^^^^
E           AttributeError: 'pathlib.WindowsPath' object has no attribute '_drv'

C:\Python314\Lib\pathlib\__init__.py:345: AttributeError

During handling of the above exception, another exception occurred:

self = WindowsPath('C:/Users/azureuser/AppData/Local/Temp/pytest-of-azureuser/pytest-2/test_cookie_persistence0/cookies/u1.json')

    def __str__(self):
        """Return the string representation of the path, suitable for
        passing to system calls."""
        try:
>           return self._str
                   ^^^^^^^^^
E           AttributeError: 'pathlib.WindowsPath' object has no attribute '_str'

C:\Python314\Lib\pathlib\__init__.py:255: AttributeError

During handling of the above exception, another exception occurred:

self = WindowsPath('C:/Users/azureuser/AppData/Local/Temp/pytest-of-azureuser/pytest-2/test_cookie_persistence0/cookies/u1.json')

    @property
    def drive(self):
        """The drive prefix (letter or UNC path), if any."""
        try:
>           return self._drv
                   ^^^^^^^^^
E           AttributeError: 'pathlib.WindowsPath' object has no attribute '_drv'

C:\Python314\Lib\pathlib\__init__.py:345: AttributeError

During handling of the above exception, another exception occurred:

self = WindowsPath('C:/Users/azureuser/AppData/Local/Temp/pytest-of-azureuser/pytest-2/test_cookie_persistence0/cookies/u1.json')

    def __str__(self):
        """Return the string representation of the path, suitable for
        passing to system calls."""
        try:
>           return self._str
                   ^^^^^^^^^
E           AttributeError: 'pathlib.WindowsPath' object has no attribute '_str'

C:\Python314\Lib\pathlib\__init__.py:255: AttributeError

During handling of the above exception, another exception occurred:

self = WindowsPath('C:/Users/azureuser/AppData/Local/Temp/pytest-of-azureuser/pytest-2/test_cookie_persistence0/cookies/u1.json')

    @property
    def drive(self):
        """The drive prefix (letter or UNC path), if any."""
        try:
>           return self._drv
                   ^^^^^^^^^
E           AttributeError: 'pathlib.WindowsPath' object has no attribute '_drv'

C:\Python314\Lib\pathlib\__init__.py:345: AttributeError

During handling of the above exception, another exception occurred:

self = WindowsPath('C:/Users/azureuser/AppData/Local/Temp/pytest-of-azureuser/pytest-2/test_cookie_persistence0/cookies/u1.json')

    def __str__(self):
        """Return the string representation of the path, suitable for
        passing to system calls."""
        try:
>           return self._str
                   ^^^^^^^^^
E           AttributeError: 'pathlib.WindowsPath' object has no attribute '_str'

C:\Python314\Lib\pathlib\__init__.py:255: AttributeError

During handling of the above exception, another exception occurred:

self = WindowsPath('C:/Users/azureuser/AppData/Local/Temp/pytest-of-azureuser/pytest-2/test_cookie_persistence0/cookies/u1.json')

    @property
    def drive(self):
        """The drive prefix (letter or UNC path), if any."""
        try:
>           return self._drv
                   ^^^^^^^^^
E           AttributeError: 'pathlib.WindowsPath' object has no attribute '_drv'

C:\Python314\Lib\pathlib\__init__.py:345: AttributeError

During handling of the above exception, another exception occurred:

self = WindowsPath('C:/Users/azureuser/AppData/Local/Temp/pytest-of-azureuser/pytest-2/test_cookie_persistence0/cookies/u1.json')

    def __str__(self):
        """Return the string representation of the path, suitable for
        passing to system calls."""
        try:
>           return self._str
                   ^^^^^^^^^
E           AttributeError: 'pathlib.WindowsPath' object has no attribute '_str'

C:\Python314\Lib\pathlib\__init__.py:255: AttributeError

During handling of the above exception, another exception occurred:

self = WindowsPath('C:/Users/azureuser/AppData/Local/Temp/pytest-of-azureuser/pytest-2/test_cookie_persistence0/cookies/u1.json')

    @property
    def drive(self):
        """The drive prefix (letter or UNC path), if any."""
        try:
>           return self._drv
                   ^^^^^^^^^
E           AttributeError: 'pathlib.WindowsPath' object has no attribute '_drv'

C:\Python314\Lib\pathlib\__init__.py:345: AttributeError

During handling of the above exception, another exception occurred:

self = WindowsPath('C:/Users/azureuser/AppData/Local/Temp/pytest-of-azureuser/pytest-2/test_cookie_persistence0/cookies/u1.json')

    def __str__(self):
        """Return the string representation of the path, suitable for
        passing to system calls."""
        try:
>           return self._str
                   ^^^^^^^^^
E           AttributeError: 'pathlib.WindowsPath' object has no attribute '_str'

C:\Python314\Lib\pathlib\__init__.py:255: AttributeError

During handling of the above exception, another exception occurred:

self = WindowsPath('C:/Users/azureuser/AppData/Local/Temp/pytest-of-azureuser/pytest-2/test_cookie_persistence0/cookies/u1.json')

    @property
    def drive(self):
        """The drive prefix (letter or UNC path), if any."""
        try:
>           return self._drv
                   ^^^^^^^^^
E           AttributeError: 'pathlib.WindowsPath' object has no attribute '_drv'

C:\Python314\Lib\pathlib\__init__.py:345: AttributeError

During handling of the above exception, another exception occurred:

self = WindowsPath('C:/Users/azureuser/AppData/Local/Temp/pytest-of-azureuser/pytest-2/test_cookie_persistence0/cookies/u1.json')

    def __str__(self):
        """Return the string representation of the path, suitable for
        passing to system calls."""
        try:
>           return self._str
                   ^^^^^^^^^
E           AttributeError: 'pathlib.WindowsPath' object has no attribute '_str'

C:\Python314\Lib\pathlib\__init__.py:255: AttributeError

During handling of the above exception, another exception occurred:

self = WindowsPath('C:/Users/azureuser/AppData/Local/Temp/pytest-of-azureuser/pytest-2/test_cookie_persistence0/cookies/u1.json')

    @property
    def drive(self):
        """The drive prefix (letter or UNC path), if any."""
        try:
>           return self._drv
                   ^^^^^^^^^
E           AttributeError: 'pathlib.WindowsPath' object has no attribute '_drv'

C:\Python314\Lib\pathlib\__init__.py:345: AttributeError

During handling of the above exception, another exception occurred:

self = WindowsPath('C:/Users/azureuser/AppData/Local/Temp/pytest-of-azureuser/pytest-2/test_cookie_persistence0/cookies/u1.json')

    def __str__(self):
        """Return the string representation of the path, suitable for
        passing to system calls."""
        try:
>           return self._str
                   ^^^^^^^^^
E           AttributeError: 'pathlib.WindowsPath' object has no attribute '_str'

C:\Python314\Lib\pathlib\__init__.py:255: AttributeError

During handling of the above exception, another exception occurred:

self = WindowsPath('C:/Users/azureuser/AppData/Local/Temp/pytest-of-azureuser/pytest-2/test_cookie_persistence0/cookies/u1.json')

    @property
    def drive(self):
        """The drive prefix (letter or UNC path), if any."""
        try:
>           return self._drv
                   ^^^^^^^^^
E           AttributeError: 'pathlib.WindowsPath' object has no attribute '_drv'

C:\Python314\Lib\pathlib\__init__.py:345: AttributeError

During handling of the above exception, another exception occurred:

self = WindowsPath('C:/Users/azureuser/AppData/Local/Temp/pytest-of-azureuser/pytest-2/test_cookie_persistence0/cookies/u1.json')

    def __str__(self):
        """Return the string representation of the path, suitable for
        passing to system calls."""
        try:
>           return self._str
                   ^^^^^^^^^
E           AttributeError: 'pathlib.WindowsPath' object has no attribute '_str'

C:\Python314\Lib\pathlib\__init__.py:255: AttributeError

During handling of the above exception, another exception occurred:

self = WindowsPath('C:/Users/azureuser/AppData/Local/Temp/pytest-of-azureuser/pytest-2/test_cookie_persistence0/cookies/u1.json')

    @property
    def drive(self):
        """The drive prefix (letter or UNC path), if any."""
        try:
>           return self._drv
                   ^^^^^^^^^
E           AttributeError: 'pathlib.WindowsPath' object has no attribute '_drv'

C:\Python314\Lib\pathlib\__init__.py:345: AttributeError

During handling of the above exception, another exception occurred:

self = WindowsPath('C:/Users/azureuser/AppData/Local/Temp/pytest-of-azureuser/pytest-2/test_cookie_persistence0/cookies/u1.json')

    def __str__(self):
        """Return the string representation of the path, suitable for
        passing to system calls."""
        try:
>           return self._str
                   ^^^^^^^^^
E           AttributeError: 'pathlib.WindowsPath' object has no attribute '_str'

C:\Python314\Lib\pathlib\__init__.py:255: AttributeError

During handling of the above exception, another exception occurred:

self = WindowsPath('C:/Users/azureuser/AppData/Local/Temp/pytest-of-azureuser/pytest-2/test_cookie_persistence0/cookies/u1.json')

    @property
    def drive(self):
        """The drive prefix (letter or UNC path), if any."""
        try:
>           return self._drv
                   ^^^^^^^^^
E           AttributeError: 'pathlib.WindowsPath' object has no attribute '_drv'

C:\Python314\Lib\pathlib\__init__.py:345: AttributeError

During handling of the above exception, another exception occurred:

self = WindowsPath('C:/Users/azureuser/AppData/Local/Temp/pytest-of-azureuser/pytest-2/test_cookie_persistence0/cookies/u1.json')

    def __str__(self):
        """Return the string representation of the path, suitable for
        passing to system calls."""
        try:
>           return self._str
                   ^^^^^^^^^
E           AttributeError: 'pathlib.WindowsPath' object has no attribute '_str'

C:\Python314\Lib\pathlib\__init__.py:255: AttributeError

During handling of the above exception, another exception occurred:

self = WindowsPath('C:/Users/azureuser/AppData/Local/Temp/pytest-of-azureuser/pytest-2/test_cookie_persistence0/cookies/u1.json')

    @property
    def drive(self):
        """The drive prefix (letter or UNC path), if any."""
        try:
>           return self._drv
                   ^^^^^^^^^
E           AttributeError: 'pathlib.WindowsPath' object has no attribute '_drv'

C:\Python314\Lib\pathlib\__init__.py:345: AttributeError

During handling of the above exception, another exception occurred:

self = WindowsPath('C:/Users/azureuser/AppData/Local/Temp/pytest-of-azureuser/pytest-2/test_cookie_persistence0/cookies/u1.json')

    def __str__(self):
        """Return the string representation of the path, suitable for
        passing to system calls."""
        try:
>           return self._str
                   ^^^^^^^^^
E           AttributeError: 'pathlib.WindowsPath' object has no attribute '_str'

C:\Python314\Lib\pathlib\__init__.py:255: AttributeError

During handling of the above exception, another exception occurred:

self = WindowsPath('C:/Users/azureuser/AppData/Local/Temp/pytest-of-azureuser/pytest-2/test_cookie_persistence0/cookies/u1.json')

    @property
    def drive(self):
        """The drive prefix (letter or UNC path), if any."""
        try:
>           return self._drv
                   ^^^^^^^^^
E           AttributeError: 'pathlib.WindowsPath' object has no attribute '_drv'

C:\Python314\Lib\pathlib\__init__.py:345: AttributeError

During handling of the above exception, another exception occurred:

self = WindowsPath('C:/Users/azureuser/AppData/Local/Temp/pytest-of-azureuser/pytest-2/test_cookie_persistence0/cookies/u1.json')

    def __str__(self):
        """Return the string representation of the path, suitable for
        passing to system calls."""
        try:
>           return self._str
                   ^^^^^^^^^
E           AttributeError: 'pathlib.WindowsPath' object has no attribute '_str'

C:\Python314\Lib\pathlib\__init__.py:255: AttributeError

During handling of the above exception, another exception occurred:

self = WindowsPath('C:/Users/azureuser/AppData/Local/Temp/pytest-of-azureuser/pytest-2/test_cookie_persistence0/cookies/u1.json')

    @property
    def drive(self):
        """The drive prefix (letter or UNC path), if any."""
        try:
>           return self._drv
                   ^^^^^^^^^
E           AttributeError: 'pathlib.WindowsPath' object has no attribute '_drv'

C:\Python314\Lib\pathlib\__init__.py:345: AttributeError

During handling of the above exception, another exception occurred:

self = WindowsPath('C:/Users/azureuser/AppData/Local/Temp/pytest-of-azureuser/pytest-2/test_cookie_persistence0/cookies/u1.json')

    def __str__(self):
        """Return the string representation of the path, suitable for
        passing to system calls."""
        try:
>           return self._str
                   ^^^^^^^^^
E           AttributeError: 'pathlib.WindowsPath' object has no attribute '_str'

C:\Python314\Lib\pathlib\__init__.py:255: AttributeError

During handling of the above exception, another exception occurred:

self = WindowsPath('C:/Users/azureuser/AppData/Local/Temp/pytest-of-azureuser/pytest-2/test_cookie_persistence0/cookies/u1.json')

    @property
    def drive(self):
        """The drive prefix (letter or UNC path), if any."""
        try:
>           return self._drv
                   ^^^^^^^^^
E           AttributeError: 'pathlib.WindowsPath' object has no attribute '_drv'

C:\Python314\Lib\pathlib\__init__.py:345: AttributeError

During handling of the above exception, another exception occurred:

self = WindowsPath('C:/Users/azureuser/AppData/Local/Temp/pytest-of-azureuser/pytest-2/test_cookie_persistence0/cookies/u1.json')

    def __str__(self):
        """Return the string representation of the path, suitable for
        passing to system calls."""
        try:
>           return self._str
                   ^^^^^^^^^
E           AttributeError: 'pathlib.WindowsPath' object has no attribute '_str'

C:\Python314\Lib\pathlib\__init__.py:255: AttributeError

During handling of the above exception, another exception occurred:

self = WindowsPath('C:/Users/azureuser/AppData/Local/Temp/pytest-of-azureuser/pytest-2/test_cookie_persistence0/cookies/u1.json')

    @property
    def drive(self):
        """The drive prefix (letter or UNC path), if any."""
        try:
>           return self._drv
                   ^^^^^^^^^
E           AttributeError: 'pathlib.WindowsPath' object has no attribute '_drv'

C:\Python314\Lib\pathlib\__init__.py:345: AttributeError

During handling of the above exception, another exception occurred:

self = WindowsPath('C:/Users/azureuser/AppData/Local/Temp/pytest-of-azureuser/pytest-2/test_cookie_persistence0/cookies/u1.json')

    def __str__(self):
        """Return the string representation of the path, suitable for
        passing to system calls."""
        try:
>           return self._str
                   ^^^^^^^^^
E           AttributeError: 'pathlib.WindowsPath' object has no attribute '_str'

C:\Python314\Lib\pathlib\__init__.py:255: AttributeError

During handling of the above exception, another exception occurred:

self = WindowsPath('C:/Users/azureuser/AppData/Local/Temp/pytest-of-azureuser/pytest-2/test_cookie_persistence0/cookies/u1.json')

    @property
    def drive(self):
        """The drive prefix (letter or UNC path), if any."""
        try:
>           return self._drv
                   ^^^^^^^^^
E           AttributeError: 'pathlib.WindowsPath' object has no attribute '_drv'

C:\Python314\Lib\pathlib\__init__.py:345: AttributeError

During handling of the above exception, another exception occurred:

self = WindowsPath('C:/Users/azureuser/AppData/Local/Temp/pytest-of-azureuser/pytest-2/test_cookie_persistence0/cookies/u1.json')

    def __str__(self):
        """Return the string representation of the path, suitable for
        passing to system calls."""
        try:
>           return self._str
                   ^^^^^^^^^
E           AttributeError: 'pathlib.WindowsPath' object has no attribute '_str'

C:\Python314\Lib\pathlib\__init__.py:255: AttributeError

During handling of the above exception, another exception occurred:

self = WindowsPath('C:/Users/azureuser/AppData/Local/Temp/pytest-of-azureuser/pytest-2/test_cookie_persistence0/cookies/u1.json')

    @property
    def drive(self):
        """The drive prefix (letter or UNC path), if any."""
        try:
>           return self._drv
                   ^^^^^^^^^
E           AttributeError: 'pathlib.WindowsPath' object has no attribute '_drv'

C:\Python314\Lib\pathlib\__init__.py:345: AttributeError

During handling of the above exception, another exception occurred:

self = WindowsPath('C:/Users/azureuser/AppData/Local/Temp/pytest-of-azureuser/pytest-2/test_cookie_persistence0/cookies/u1.json')

    def __str__(self):
        """Return the string representation of the path, suitable for
        passing to system calls."""
        try:
>           return self._str
                   ^^^^^^^^^
E           AttributeError: 'pathlib.WindowsPath' object has no attribute '_str'

C:\Python314\Lib\pathlib\__init__.py:255: AttributeError

During handling of the above exception, another exception occurred:

self = WindowsPath('C:/Users/azureuser/AppData/Local/Temp/pytest-of-azureuser/pytest-2/test_cookie_persistence0/cookies/u1.json')

    @property
    def drive(self):
        """The drive prefix (letter or UNC path), if any."""
        try:
>           return self._drv
                   ^^^^^^^^^
E           AttributeError: 'pathlib.WindowsPath' object has no attribute '_drv'

C:\Python314\Lib\pathlib\__init__.py:345: AttributeError

During handling of the above exception, another exception occurred:

self = WindowsPath('C:/Users/azureuser/AppData/Local/Temp/pytest-of-azureuser/pytest-2/test_cookie_persistence0/cookies/u1.json')

    def __str__(self):
        """Return the string representation of the path, suitable for
        passing to system calls."""
        try:
>           return self._str
                   ^^^^^^^^^
E           AttributeError: 'pathlib.WindowsPath' object has no attribute '_str'

C:\Python314\Lib\pathlib\__init__.py:255: AttributeError

During handling of the above exception, another exception occurred:

self = WindowsPath('C:/Users/azureuser/AppData/Local/Temp/pytest-of-azureuser/pytest-2/test_cookie_persistence0/cookies/u1.json')

    @property
    def drive(self):
        """The drive prefix (letter or UNC path), if any."""
        try:
>           return self._drv
                   ^^^^^^^^^
E           AttributeError: 'pathlib.WindowsPath' object has no attribute '_drv'

C:\Python314\Lib\pathlib\__init__.py:345: AttributeError

During handling of the above exception, another exception occurred:

self = WindowsPath('C:/Users/azureuser/AppData/Local/Temp/pytest-of-azureuser/pytest-2/test_cookie_persistence0/cookies/u1.json')

    def __str__(self):
        """Return the string representation of the path, suitable for
        passing to system calls."""
        try:
>           return self._str
                   ^^^^^^^^^
E           AttributeError: 'pathlib.WindowsPath' object has no attribute '_str'

C:\Python314\Lib\pathlib\__init__.py:255: AttributeError

During handling of the above exception, another exception occurred:

self = WindowsPath('C:/Users/azureuser/AppData/Local/Temp/pytest-of-azureuser/pytest-2/test_cookie_persistence0/cookies/u1.json')

    @property
    def drive(self):
        """The drive prefix (letter or UNC path), if any."""
        try:
>           return self._drv
                   ^^^^^^^^^
E           AttributeError: 'pathlib.WindowsPath' object has no attribute '_drv'

C:\Python314\Lib\pathlib\__init__.py:345: AttributeError

During handling of the above exception, another exception occurred:

self = WindowsPath('C:/Users/azureuser/AppData/Local/Temp/pytest-of-azureuser/pytest-2/test_cookie_persistence0/cookies/u1.json')

    def __str__(self):
        """Return the string representation of the path, suitable for
        passing to system calls."""
        try:
>           return self._str
                   ^^^^^^^^^
E           AttributeError: 'pathlib.WindowsPath' object has no attribute '_str'

C:\Python314\Lib\pathlib\__init__.py:255: AttributeError

During handling of the above exception, another exception occurred:

self = WindowsPath('C:/Users/azureuser/AppData/Local/Temp/pytest-of-azureuser/pytest-2/test_cookie_persistence0/cookies/u1.json')

    @property
    def drive(self):
        """The drive prefix (letter or UNC path), if any."""
        try:
>           return self._drv
                   ^^^^^^^^^
E           AttributeError: 'pathlib.WindowsPath' object has no attribute '_drv'

C:\Python314\Lib\pathlib\__init__.py:345: AttributeError

During handling of the above exception, another exception occurred:

self = WindowsPath('C:/Users/azureuser/AppData/Local/Temp/pytest-of-azureuser/pytest-2/test_cookie_persistence0/cookies/u1.json')

    def __str__(self):
        """Return the string representation of the path, suitable for
        passing to system calls."""
        try:
>           return self._str
                   ^^^^^^^^^
E           AttributeError: 'pathlib.WindowsPath' object has no attribute '_str'

C:\Python314\Lib\pathlib\__init__.py:255: AttributeError

During handling of the above exception, another exception occurred:

self = WindowsPath('C:/Users/azureuser/AppData/Local/Temp/pytest-of-azureuser/pytest-2/test_cookie_persistence0/cookies/u1.json')

    @property
    def drive(self):
        """The drive prefix (letter or UNC path), if any."""
        try:
>           return self._drv
                   ^^^^^^^^^
E           AttributeError: 'pathlib.WindowsPath' object has no attribute '_drv'

C:\Python314\Lib\pathlib\__init__.py:345: AttributeError

During handling of the above exception, another exception occurred:

self = WindowsPath('C:/Users/azureuser/AppData/Local/Temp/pytest-of-azureuser/pytest-2/test_cookie_persistence0/cookies/u1.json')

    def __str__(self):
        """Return the string representation of the path, suitable for
        passing to system calls."""
        try:
>           return self._str
                   ^^^^^^^^^
E           AttributeError: 'pathlib.WindowsPath' object has no attribute '_str'

C:\Python314\Lib\pathlib\__init__.py:255: AttributeError

During handling of the above exception, another exception occurred:

self = WindowsPath('C:/Users/azureuser/AppData/Local/Temp/pytest-of-azureuser/pytest-2/test_cookie_persistence0/cookies/u1.json')

    @property
    def drive(self):
        """The drive prefix (letter or UNC path), if any."""
        try:
>           return self._drv
                   ^^^^^^^^^
E           AttributeError: 'pathlib.WindowsPath' object has no attribute '_drv'

C:\Python314\Lib\pathlib\__init__.py:345: AttributeError

During handling of the above exception, another exception occurred:

self = WindowsPath('C:/Users/azureuser/AppData/Local/Temp/pytest-of-azureuser/pytest-2/test_cookie_persistence0/cookies/u1.json')

    def __str__(self):
        """Return the string representation of the path, suitable for
        passing to system calls."""
        try:
>           return self._str
                   ^^^^^^^^^
E           AttributeError: 'pathlib.WindowsPath' object has no attribute '_str'

C:\Python314\Lib\pathlib\__init__.py:255: AttributeError

During handling of the above exception, another exception occurred:

self = WindowsPath('C:/Users/azureuser/AppData/Local/Temp/pytest-of-azureuser/pytest-2/test_cookie_persistence0/cookies/u1.json')

    @property
    def drive(self):
        """The drive prefix (letter or UNC path), if any."""
        try:
>           return self._drv
                   ^^^^^^^^^
E           AttributeError: 'pathlib.WindowsPath' object has no attribute '_drv'

C:\Python314\Lib\pathlib\__init__.py:345: AttributeError

During handling of the above exception, another exception occurred:

self = WindowsPath('C:/Users/azureuser/AppData/Local/Temp/pytest-of-azureuser/pytest-2/test_cookie_persistence0/cookies/u1.json')

    def __str__(self):
        """Return the string representation of the path, suitable for
        passing to system calls."""
        try:
>           return self._str
                   ^^^^^^^^^
E           AttributeError: 'pathlib.WindowsPath' object has no attribute '_str'

C:\Python314\Lib\pathlib\__init__.py:255: AttributeError

During handling of the above exception, another exception occurred:

self = WindowsPath('C:/Users/azureuser/AppData/Local/Temp/pytest-of-azureuser/pytest-2/test_cookie_persistence0/cookies/u1.json')

    @property
    def drive(self):
        """The drive prefix (letter or UNC path), if any."""
        try:
>           return self._drv
                   ^^^^^^^^^
E           AttributeError: 'pathlib.WindowsPath' object has no attribute '_drv'

C:\Python314\Lib\pathlib\__init__.py:345: AttributeError

During handling of the above exception, another exception occurred:

self = WindowsPath('C:/Users/azureuser/AppData/Local/Temp/pytest-of-azureuser/pytest-2/test_cookie_persistence0/cookies/u1.json')

    def __str__(self):
        """Return the string representation of the path, suitable for
        passing to system calls."""
        try:
>           return self._str
                   ^^^^^^^^^
E           AttributeError: 'pathlib.WindowsPath' object has no attribute '_str'

C:\Python314\Lib\pathlib\__init__.py:255: AttributeError

During handling of the above exception, another exception occurred:

self = WindowsPath('C:/Users/azureuser/AppData/Local/Temp/pytest-of-azureuser/pytest-2/test_cookie_persistence0/cookies/u1.json')

    @property
    def drive(self):
        """The drive prefix (letter or UNC path), if any."""
        try:
>           return self._drv
                   ^^^^^^^^^
E           AttributeError: 'pathlib.WindowsPath' object has no attribute '_drv'

C:\Python314\Lib\pathlib\__init__.py:345: AttributeError

During handling of the above exception, another exception occurred:

self = WindowsPath('C:/Users/azureuser/AppData/Local/Temp/pytest-of-azureuser/pytest-2/test_cookie_persistence0/cookies/u1.json')

    def __str__(self):
        """Return the string representation of the path, suitable for
        passing to system calls."""
        try:
>           return self._str
                   ^^^^^^^^^
E           AttributeError: 'pathlib.WindowsPath' object has no attribute '_str'

C:\Python314\Lib\pathlib\__init__.py:255: AttributeError

During handling of the above exception, another exception occurred:

self = WindowsPath('C:/Users/azureuser/AppData/Local/Temp/pytest-of-azureuser/pytest-2/test_cookie_persistence0/cookies/u1.json')

    @property
    def drive(self):
        """The drive prefix (letter or UNC path), if any."""
        try:
>           return self._drv
                   ^^^^^^^^^
E           AttributeError: 'pathlib.WindowsPath' object has no attribute '_drv'

C:\Python314\Lib\pathlib\__init__.py:345: AttributeError

During handling of the above exception, another exception occurred:

self = WindowsPath('C:/Users/azureuser/AppData/Local/Temp/pytest-of-azureuser/pytest-2/test_cookie_persistence0/cookies/u1.json')

    def __str__(self):
        """Return the string representation of the path, suitable for
        passing to system calls."""
        try:
>           return self._str
                   ^^^^^^^^^
E           AttributeError: 'pathlib.WindowsPath' object has no attribute '_str'

C:\Python314\Lib\pathlib\__init__.py:255: AttributeError

During handling of the above exception, another exception occurred:

self = WindowsPath('C:/Users/azureuser/AppData/Local/Temp/pytest-of-azureuser/pytest-2/test_cookie_persistence0/cookies/u1.json')

    @property
    def drive(self):
        """The drive prefix (letter or UNC path), if any."""
        try:
>           return self._drv
                   ^^^^^^^^^
E           AttributeError: 'pathlib.WindowsPath' object has no attribute '_drv'

C:\Python314\Lib\pathlib\__init__.py:345: AttributeError

During handling of the above exception, another exception occurred:

self = WindowsPath('C:/Users/azureuser/AppData/Local/Temp/pytest-of-azureuser/pytest-2/test_cookie_persistence0/cookies/u1.json')

    def __str__(self):
        """Return the string representation of the path, suitable for
        passing to system calls."""
        try:
>           return self._str
                   ^^^^^^^^^
E           AttributeError: 'pathlib.WindowsPath' object has no attribute '_str'

C:\Python314\Lib\pathlib\__init__.py:255: AttributeError

During handling of the above exception, another exception occurred:

self = WindowsPath('C:/Users/azureuser/AppData/Local/Temp/pytest-of-azureuser/pytest-2/test_cookie_persistence0/cookies/u1.json')

    @property
    def drive(self):
        """The drive prefix (letter or UNC path), if any."""
        try:
>           return self._drv
                   ^^^^^^^^^
E           AttributeError: 'pathlib.WindowsPath' object has no attribute '_drv'

C:\Python314\Lib\pathlib\__init__.py:345: AttributeError

During handling of the above exception, another exception occurred:

self = WindowsPath('C:/Users/azureuser/AppData/Local/Temp/pytest-of-azureuser/pytest-2/test_cookie_persistence0/cookies/u1.json')

    def __str__(self):
        """Return the string representation of the path, suitable for
        passing to system calls."""
        try:
>           return self._str
                   ^^^^^^^^^
E           AttributeError: 'pathlib.WindowsPath' object has no attribute '_str'

C:\Python314\Lib\pathlib\__init__.py:255: AttributeError

During handling of the above exception, another exception occurred:

self = WindowsPath('C:/Users/azureuser/AppData/Local/Temp/pytest-of-azureuser/pytest-2/test_cookie_persistence0/cookies/u1.json')

    @property
    def drive(self):
        """The drive prefix (letter or UNC path), if any."""
        try:
>           return self._drv
                   ^^^^^^^^^
E           AttributeError: 'pathlib.WindowsPath' object has no attribute '_drv'

C:\Python314\Lib\pathlib\__init__.py:345: AttributeError

During handling of the above exception, another exception occurred:

self = WindowsPath('C:/Users/azureuser/AppData/Local/Temp/pytest-of-azureuser/pytest-2/test_cookie_persistence0/cookies/u1.json')

    def __str__(self):
        """Return the string representation of the path, suitable for
        passing to system calls."""
        try:
>           return self._str
                   ^^^^^^^^^
E           AttributeError: 'pathlib.WindowsPath' object has no attribute '_str'

C:\Python314\Lib\pathlib\__init__.py:255: AttributeError

During handling of the above exception, another exception occurred:

self = WindowsPath('C:/Users/azureuser/AppData/Local/Temp/pytest-of-azureuser/pytest-2/test_cookie_persistence0/cookies/u1.json')

    @property
    def drive(self):
        """The drive prefix (letter or UNC path), if any."""
        try:
>           return self._drv
                   ^^^^^^^^^
E           AttributeError: 'pathlib.WindowsPath' object has no attribute '_drv'

C:\Python314\Lib\pathlib\__init__.py:345: AttributeError

During handling of the above exception, another exception occurred:

self = WindowsPath('C:/Users/azureuser/AppData/Local/Temp/pytest-of-azureuser/pytest-2/test_cookie_persistence0/cookies/u1.json')

    def __str__(self):
        """Return the string representation of the path, suitable for
        passing to system calls."""
        try:
>           return self._str
                   ^^^^^^^^^
E           AttributeError: 'pathlib.WindowsPath' object has no attribute '_str'

C:\Python314\Lib\pathlib\__init__.py:255: AttributeError

During handling of the above exception, another exception occurred:

self = WindowsPath('C:/Users/azureuser/AppData/Local/Temp/pytest-of-azureuser/pytest-2/test_cookie_persistence0/cookies/u1.json')

    @property
    def drive(self):
        """The drive prefix (letter or UNC path), if any."""
        try:
>           return self._drv
                   ^^^^^^^^^
E           AttributeError: 'pathlib.WindowsPath' object has no attribute '_drv'

C:\Python314\Lib\pathlib\__init__.py:345: AttributeError

During handling of the above exception, another exception occurred:

self = WindowsPath('C:/Users/azureuser/AppData/Local/Temp/pytest-of-azureuser/pytest-2/test_cookie_persistence0/cookies/u1.json')

    def __str__(self):
        """Return the string representation of the path, suitable for
        passing to system calls."""
        try:
>           return self._str
                   ^^^^^^^^^
E           AttributeError: 'pathlib.WindowsPath' object has no attribute '_str'

C:\Python314\Lib\pathlib\__init__.py:255: AttributeError

During handling of the above exception, another exception occurred:

self = WindowsPath('C:/Users/azureuser/AppData/Local/Temp/pytest-of-azureuser/pytest-2/test_cookie_persistence0/cookies/u1.json')

    @property
    def drive(self):
        """The drive prefix (letter or UNC path), if any."""
        try:
>           return self._drv
                   ^^^^^^^^^
E           AttributeError: 'pathlib.WindowsPath' object has no attribute '_drv'

C:\Python314\Lib\pathlib\__init__.py:345: AttributeError

During handling of the above exception, another exception occurred:

self = WindowsPath('C:/Users/azureuser/AppData/Local/Temp/pytest-of-azureuser/pytest-2/test_cookie_persistence0/cookies/u1.json')

    def __str__(self):
        """Return the string representation of the path, suitable for
        passing to system calls."""
        try:
>           return self._str
                   ^^^^^^^^^
E           AttributeError: 'pathlib.WindowsPath' object has no attribute '_str'

C:\Python314\Lib\pathlib\__init__.py:255: AttributeError

During handling of the above exception, another exception occurred:

self = WindowsPath('C:/Users/azureuser/AppData/Local/Temp/pytest-of-azureuser/pytest-2/test_cookie_persistence0/cookies/u1.json')

    @property
    def drive(self):
        """The drive prefix (letter or UNC path), if any."""
        try:
>           return self._drv
                   ^^^^^^^^^
E           AttributeError: 'pathlib.WindowsPath' object has no attribute '_drv'

C:\Python314\Lib\pathlib\__init__.py:345: AttributeError

During handling of the above exception, another exception occurred:

self = WindowsPath('C:/Users/azureuser/AppData/Local/Temp/pytest-of-azureuser/pytest-2/test_cookie_persistence0/cookies/u1.json')

    def __str__(self):
        """Return the string representation of the path, suitable for
        passing to system calls."""
        try:
>           return self._str
                   ^^^^^^^^^
E           AttributeError: 'pathlib.WindowsPath' object has no attribute '_str'

C:\Python314\Lib\pathlib\__init__.py:255: AttributeError

During handling of the above exception, another exception occurred:

self = WindowsPath('C:/Users/azureuser/AppData/Local/Temp/pytest-of-azureuser/pytest-2/test_cookie_persistence0/cookies/u1.json')

    @property
    def drive(self):
        """The drive prefix (letter or UNC path), if any."""
        try:
>           return self._drv
                   ^^^^^^^^^
E           AttributeError: 'pathlib.WindowsPath' object has no attribute '_drv'

C:\Python314\Lib\pathlib\__init__.py:345: AttributeError

During handling of the above exception, another exception occurred:

self = WindowsPath('C:/Users/azureuser/AppData/Local/Temp/pytest-of-azureuser/pytest-2/test_cookie_persistence0/cookies/u1.json')

    def __str__(self):
        """Return the string representation of the path, suitable for
        passing to system calls."""
        try:
>           return self._str
                   ^^^^^^^^^
E           AttributeError: 'pathlib.WindowsPath' object has no attribute '_str'

C:\Python314\Lib\pathlib\__init__.py:255: AttributeError

During handling of the above exception, another exception occurred:

self = WindowsPath('C:/Users/azureuser/AppData/Local/Temp/pytest-of-azureuser/pytest-2/test_cookie_persistence0/cookies/u1.json')

    @property
    def drive(self):
        """The drive prefix (letter or UNC path), if any."""
        try:
>           return self._drv
                   ^^^^^^^^^
E           AttributeError: 'pathlib.WindowsPath' object has no attribute '_drv'

C:\Python314\Lib\pathlib\__init__.py:345: AttributeError

During handling of the above exception, another exception occurred:

self = WindowsPath('C:/Users/azureuser/AppData/Local/Temp/pytest-of-azureuser/pytest-2/test_cookie_persistence0/cookies/u1.json')

    def __str__(self):
        """Return the string representation of the path, suitable for
        passing to system calls."""
        try:
>           return self._str
                   ^^^^^^^^^
E           AttributeError: 'pathlib.WindowsPath' object has no attribute '_str'

C:\Python314\Lib\pathlib\__init__.py:255: AttributeError

During handling of the above exception, another exception occurred:

self = WindowsPath('C:/Users/azureuser/AppData/Local/Temp/pytest-of-azureuser/pytest-2/test_cookie_persistence0/cookies/u1.json')

    @property
    def drive(self):
        """The drive prefix (letter or UNC path), if any."""
        try:
>           return self._drv
                   ^^^^^^^^^
E           AttributeError: 'pathlib.WindowsPath' object has no attribute '_drv'

C:\Python314\Lib\pathlib\__init__.py:345: AttributeError

During handling of the above exception, another exception occurred:

self = WindowsPath('C:/Users/azureuser/AppData/Local/Temp/pytest-of-azureuser/pytest-2/test_cookie_persistence0/cookies/u1.json')

    def __str__(self):
        """Return the string representation of the path, suitable for
        passing to system calls."""
        try:
>           return self._str
                   ^^^^^^^^^
E           AttributeError: 'pathlib.WindowsPath' object has no attribute '_str'

C:\Python314\Lib\pathlib\__init__.py:255: AttributeError

During handling of the above exception, another exception occurred:

self = WindowsPath('C:/Users/azureuser/AppData/Local/Temp/pytest-of-azureuser/pytest-2/test_cookie_persistence0/cookies/u1.json')

    @property
    def drive(self):
        """The drive prefix (letter or UNC path), if any."""
        try:
>           return self._drv
                   ^^^^^^^^^
E           AttributeError: 'pathlib.WindowsPath' object has no attribute '_drv'

C:\Python314\Lib\pathlib\__init__.py:345: AttributeError

During handling of the above exception, another exception occurred:

self = WindowsPath('C:/Users/azureuser/AppData/Local/Temp/pytest-of-azureuser/pytest-2/test_cookie_persistence0/cookies/u1.json')

    def __str__(self):
        """Return the string representation of the path, suitable for
        passing to system calls."""
        try:
>           return self._str
                   ^^^^^^^^^
E           AttributeError: 'pathlib.WindowsPath' object has no attribute '_str'

C:\Python314\Lib\pathlib\__init__.py:255: AttributeError

During handling of the above exception, another exception occurred:

self = WindowsPath('C:/Users/azureuser/AppData/Local/Temp/pytest-of-azureuser/pytest-2/test_cookie_persistence0/cookies/u1.json')

    @property
    def drive(self):
        """The drive prefix (letter or UNC path), if any."""
        try:
>           return self._drv
                   ^^^^^^^^^
E           AttributeError: 'pathlib.WindowsPath' object has no attribute '_drv'

C:\Python314\Lib\pathlib\__init__.py:345: AttributeError

During handling of the above exception, another exception occurred:

self = WindowsPath('C:/Users/azureuser/AppData/Local/Temp/pytest-of-azureuser/pytest-2/test_cookie_persistence0/cookies/u1.json')

    def __str__(self):
        """Return the string representation of the path, suitable for
        passing to system calls."""
        try:
>           return self._str
                   ^^^^^^^^^
E           AttributeError: 'pathlib.WindowsPath' object has no attribute '_str'

C:\Python314\Lib\pathlib\__init__.py:255: AttributeError

During handling of the above exception, another exception occurred:

self = WindowsPath('C:/Users/azureuser/AppData/Local/Temp/pytest-of-azureuser/pytest-2/test_cookie_persistence0/cookies/u1.json')

    @property
    def drive(self):
        """The drive prefix (letter or UNC path), if any."""
        try:
>           return self._drv
                   ^^^^^^^^^
E           AttributeError: 'pathlib.WindowsPath' object has no attribute '_drv'

C:\Python314\Lib\pathlib\__init__.py:345: AttributeError

During handling of the above exception, another exception occurred:

self = WindowsPath('C:/Users/azureuser/AppData/Local/Temp/pytest-of-azureuser/pytest-2/test_cookie_persistence0/cookies/u1.json')

    def __str__(self):
        """Return the string representation of the path, suitable for
        passing to system calls."""
        try:
>           return self._str
                   ^^^^^^^^^
E           AttributeError: 'pathlib.WindowsPath' object has no attribute '_str'

C:\Python314\Lib\pathlib\__init__.py:255: AttributeError

During handling of the above exception, another exception occurred:

self = WindowsPath('C:/Users/azureuser/AppData/Local/Temp/pytest-of-azureuser/pytest-2/test_cookie_persistence0/cookies/u1.json')

    @property
    def drive(self):
        """The drive prefix (letter or UNC path), if any."""
        try:
>           return self._drv
                   ^^^^^^^^^
E           AttributeError: 'pathlib.WindowsPath' object has no attribute '_drv'

C:\Python314\Lib\pathlib\__init__.py:345: AttributeError

During handling of the above exception, another exception occurred:

self = WindowsPath('C:/Users/azureuser/AppData/Local/Temp/pytest-of-azureuser/pytest-2/test_cookie_persistence0/cookies/u1.json')

    def __str__(self):
        """Return the string representation of the path, suitable for
        passing to system calls."""
        try:
>           return self._str
                   ^^^^^^^^^
E           AttributeError: 'pathlib.WindowsPath' object has no attribute '_str'

C:\Python314\Lib\pathlib\__init__.py:255: AttributeError

During handling of the above exception, another exception occurred:

self = WindowsPath('C:/Users/azureuser/AppData/Local/Temp/pytest-of-azureuser/pytest-2/test_cookie_persistence0/cookies/u1.json')

    @property
    def drive(self):
        """The drive prefix (letter or UNC path), if any."""
        try:
>           return self._drv
                   ^^^^^^^^^
E           AttributeError: 'pathlib.WindowsPath' object has no attribute '_drv'

C:\Python314\Lib\pathlib\__init__.py:345: AttributeError

During handling of the above exception, another exception occurred:

self = WindowsPath('C:/Users/azureuser/AppData/Local/Temp/pytest-of-azureuser/pytest-2/test_cookie_persistence0/cookies/u1.json')

    def __str__(self):
        """Return the string representation of the path, suitable for
        passing to system calls."""
        try:
>           return self._str
                   ^^^^^^^^^
E           AttributeError: 'pathlib.WindowsPath' object has no attribute '_str'

C:\Python314\Lib\pathlib\__init__.py:255: AttributeError

During handling of the above exception, another exception occurred:

self = WindowsPath('C:/Users/azureuser/AppData/Local/Temp/pytest-of-azureuser/pytest-2/test_cookie_persistence0/cookies/u1.json')

    @property
    def drive(self):
        """The drive prefix (letter or UNC path), if any."""
        try:
>           return self._drv
                   ^^^^^^^^^
E           AttributeError: 'pathlib.WindowsPath' object has no attribute '_drv'

C:\Python314\Lib\pathlib\__init__.py:345: AttributeError

During handling of the above exception, another exception occurred:

self = WindowsPath('C:/Users/azureuser/AppData/Local/Temp/pytest-of-azureuser/pytest-2/test_cookie_persistence0/cookies/u1.json')

    def __str__(self):
        """Return the string representation of the path, suitable for
        passing to system calls."""
        try:
>           return self._str
                   ^^^^^^^^^
E           AttributeError: 'pathlib.WindowsPath' object has no attribute '_str'

C:\Python314\Lib\pathlib\__init__.py:255: AttributeError

During handling of the above exception, another exception occurred:

self = WindowsPath('C:/Users/azureuser/AppData/Local/Temp/pytest-of-azureuser/pytest-2/test_cookie_persistence0/cookies/u1.json')

    @property
    def drive(self):
        """The drive prefix (letter or UNC path), if any."""
        try:
>           return self._drv
                   ^^^^^^^^^
E           AttributeError: 'pathlib.WindowsPath' object has no attribute '_drv'

C:\Python314\Lib\pathlib\__init__.py:345: AttributeError

During handling of the above exception, another exception occurred:

self = WindowsPath('C:/Users/azureuser/AppData/Local/Temp/pytest-of-azureuser/pytest-2/test_cookie_persistence0/cookies/u1.json')

    def __str__(self):
        """Return the string representation of the path, suitable for
        passing to system calls."""
        try:
>           return self._str
                   ^^^^^^^^^
E           AttributeError: 'pathlib.WindowsPath' object has no attribute '_str'

C:\Python314\Lib\pathlib\__init__.py:255: AttributeError

During handling of the above exception, another exception occurred:

self = WindowsPath('C:/Users/azureuser/AppData/Local/Temp/pytest-of-azureuser/pytest-2/test_cookie_persistence0/cookies/u1.json')

    @property
    def drive(self):
        """The drive prefix (letter or UNC path), if any."""
        try:
>           return self._drv
                   ^^^^^^^^^
E           AttributeError: 'pathlib.WindowsPath' object has no attribute '_drv'

C:\Python314\Lib\pathlib\__init__.py:345: AttributeError

During handling of the above exception, another exception occurred:

self = WindowsPath('C:/Users/azureuser/AppData/Local/Temp/pytest-of-azureuser/pytest-2/test_cookie_persistence0/cookies/u1.json')

    def __str__(self):
        """Return the string representation of the path, suitable for
        passing to system calls."""
        try:
>           return self._str
                   ^^^^^^^^^
E           AttributeError: 'pathlib.WindowsPath' object has no attribute '_str'

C:\Python314\Lib\pathlib\__init__.py:255: AttributeError

During handling of the above exception, another exception occurred:

self = WindowsPath('C:/Users/azureuser/AppData/Local/Temp/pytest-of-azureuser/pytest-2/test_cookie_persistence0/cookies/u1.json')

    @property
    def drive(self):
        """The drive prefix (letter or UNC path), if any."""
        try:
>           return self._drv
                   ^^^^^^^^^
E           AttributeError: 'pathlib.WindowsPath' object has no attribute '_drv'

C:\Python314\Lib\pathlib\__init__.py:345: AttributeError

During handling of the above exception, another exception occurred:

self = WindowsPath('C:/Users/azureuser/AppData/Local/Temp/pytest-of-azureuser/pytest-2/test_cookie_persistence0/cookies/u1.json')

    def __str__(self):
        """Return the string representation of the path, suitable for
        passing to system calls."""
        try:
>           return self._str
                   ^^^^^^^^^
E           AttributeError: 'pathlib.WindowsPath' object has no attribute '_str'

C:\Python314\Lib\pathlib\__init__.py:255: AttributeError

During handling of the above exception, another exception occurred:

self = WindowsPath('C:/Users/azureuser/AppData/Local/Temp/pytest-of-azureuser/pytest-2/test_cookie_persistence0/cookies/u1.json')

    @property
    def drive(self):
        """The drive prefix (letter or UNC path), if any."""
        try:
>           return self._drv
                   ^^^^^^^^^
E           AttributeError: 'pathlib.WindowsPath' object has no attribute '_drv'

C:\Python314\Lib\pathlib\__init__.py:345: AttributeError

During handling of the above exception, another exception occurred:

self = WindowsPath('C:/Users/azureuser/AppData/Local/Temp/pytest-of-azureuser/pytest-2/test_cookie_persistence0/cookies/u1.json')

    def __str__(self):
        """Return the string representation of the path, suitable for
        passing to system calls."""
        try:
>           return self._str
                   ^^^^^^^^^
E           AttributeError: 'pathlib.WindowsPath' object has no attribute '_str'

C:\Python314\Lib\pathlib\__init__.py:255: AttributeError

During handling of the above exception, another exception occurred:

self = WindowsPath('C:/Users/azureuser/AppData/Local/Temp/pytest-of-azureuser/pytest-2/test_cookie_persistence0/cookies/u1.json')

    @property
    def drive(self):
        """The drive prefix (letter or UNC path), if any."""
        try:
>           return self._drv
                   ^^^^^^^^^
E           AttributeError: 'pathlib.WindowsPath' object has no attribute '_drv'

C:\Python314\Lib\pathlib\__init__.py:345: AttributeError

During handling of the above exception, another exception occurred:

self = WindowsPath('C:/Users/azureuser/AppData/Local/Temp/pytest-of-azureuser/pytest-2/test_cookie_persistence0/cookies/u1.json')

    def __str__(self):
        """Return the string representation of the path, suitable for
        passing to system calls."""
        try:
>           return self._str
                   ^^^^^^^^^
E           AttributeError: 'pathlib.WindowsPath' object has no attribute '_str'

C:\Python314\Lib\pathlib\__init__.py:255: AttributeError

During handling of the above exception, another exception occurred:

self = WindowsPath('C:/Users/azureuser/AppData/Local/Temp/pytest-of-azureuser/pytest-2/test_cookie_persistence0/cookies/u1.json')

    @property
    def drive(self):
        """The drive prefix (letter or UNC path), if any."""
        try:
>           return self._drv
                   ^^^^^^^^^
E           AttributeError: 'pathlib.WindowsPath' object has no attribute '_drv'

C:\Python314\Lib\pathlib\__init__.py:345: AttributeError

During handling of the above exception, another exception occurred:

self = WindowsPath('C:/Users/azureuser/AppData/Local/Temp/pytest-of-azureuser/pytest-2/test_cookie_persistence0/cookies/u1.json')

    def __str__(self):
        """Return the string representation of the path, suitable for
        passing to system calls."""
        try:
>           return self._str
                   ^^^^^^^^^
E           AttributeError: 'pathlib.WindowsPath' object has no attribute '_str'

C:\Python314\Lib\pathlib\__init__.py:255: AttributeError

During handling of the above exception, another exception occurred:

self = WindowsPath('C:/Users/azureuser/AppData/Local/Temp/pytest-of-azureuser/pytest-2/test_cookie_persistence0/cookies/u1.json')

    @property
    def drive(self):
        """The drive prefix (letter or UNC path), if any."""
        try:
>           return self._drv
                   ^^^^^^^^^
E           AttributeError: 'pathlib.WindowsPath' object has no attribute '_drv'

C:\Python314\Lib\pathlib\__init__.py:345: AttributeError

During handling of the above exception, another exception occurred:

self = WindowsPath('C:/Users/azureuser/AppData/Local/Temp/pytest-of-azureuser/pytest-2/test_cookie_persistence0/cookies/u1.json')

    def __str__(self):
        """Return the string representation of the path, suitable for
        passing to system calls."""
        try:
>           return self._str
                   ^^^^^^^^^
E           AttributeError: 'pathlib.WindowsPath' object has no attribute '_str'

C:\Python314\Lib\pathlib\__init__.py:255: AttributeError

During handling of the above exception, another exception occurred:

self = WindowsPath('C:/Users/azureuser/AppData/Local/Temp/pytest-of-azureuser/pytest-2/test_cookie_persistence0/cookies/u1.json')

    @property
    def drive(self):
        """The drive prefix (letter or UNC path), if any."""
        try:
>           return self._drv
                   ^^^^^^^^^
E           AttributeError: 'pathlib.WindowsPath' object has no attribute '_drv'

C:\Python314\Lib\pathlib\__init__.py:345: AttributeError

During handling of the above exception, another exception occurred:

self = WindowsPath('C:/Users/azureuser/AppData/Local/Temp/pytest-of-azureuser/pytest-2/test_cookie_persistence0/cookies/u1.json')

    def __str__(self):
        """Return the string representation of the path, suitable for
        passing to system calls."""
        try:
>           return self._str
                   ^^^^^^^^^
E           AttributeError: 'pathlib.WindowsPath' object has no attribute '_str'

C:\Python314\Lib\pathlib\__init__.py:255: AttributeError

During handling of the above exception, another exception occurred:

self = WindowsPath('C:/Users/azureuser/AppData/Local/Temp/pytest-of-azureuser/pytest-2/test_cookie_persistence0/cookies/u1.json')

    @property
    def drive(self):
        """The drive prefix (letter or UNC path), if any."""
        try:
>           return self._drv
                   ^^^^^^^^^
E           AttributeError: 'pathlib.WindowsPath' object has no attribute '_drv'

C:\Python314\Lib\pathlib\__init__.py:345: AttributeError

During handling of the above exception, another exception occurred:

self = WindowsPath('C:/Users/azureuser/AppData/Local/Temp/pytest-of-azureuser/pytest-2/test_cookie_persistence0/cookies/u1.json')

    def __str__(self):
        """Return the string representation of the path, suitable for
        passing to system calls."""
        try:
>           return self._str
                   ^^^^^^^^^
E           AttributeError: 'pathlib.WindowsPath' object has no attribute '_str'

C:\Python314\Lib\pathlib\__init__.py:255: AttributeError

During handling of the above exception, another exception occurred:

self = WindowsPath('C:/Users/azureuser/AppData/Local/Temp/pytest-of-azureuser/pytest-2/test_cookie_persistence0/cookies/u1.json')

    @property
    def drive(self):
        """The drive prefix (letter or UNC path), if any."""
        try:
>           return self._drv
                   ^^^^^^^^^
E           AttributeError: 'pathlib.WindowsPath' object has no attribute '_drv'

C:\Python314\Lib\pathlib\__init__.py:345: AttributeError

During handling of the above exception, another exception occurred:

self = WindowsPath('C:/Users/azureuser/AppData/Local/Temp/pytest-of-azureuser/pytest-2/test_cookie_persistence0/cookies/u1.json')

    def __str__(self):
        """Return the string representation of the path, suitable for
        passing to system calls."""
        try:
>           return self._str
                   ^^^^^^^^^
E           AttributeError: 'pathlib.WindowsPath' object has no attribute '_str'

C:\Python314\Lib\pathlib\__init__.py:255: AttributeError

During handling of the above exception, another exception occurred:

self = WindowsPath('C:/Users/azureuser/AppData/Local/Temp/pytest-of-azureuser/pytest-2/test_cookie_persistence0/cookies/u1.json')

    @property
    def drive(self):
        """The drive prefix (letter or UNC path), if any."""
        try:
>           return self._drv
                   ^^^^^^^^^
E           AttributeError: 'pathlib.WindowsPath' object has no attribute '_drv'

C:\Python314\Lib\pathlib\__init__.py:345: AttributeError

During handling of the above exception, another exception occurred:

self = WindowsPath('C:/Users/azureuser/AppData/Local/Temp/pytest-of-azureuser/pytest-2/test_cookie_persistence0/cookies/u1.json')

    def __str__(self):
        """Return the string representation of the path, suitable for
        passing to system calls."""
        try:
>           return self._str
                   ^^^^^^^^^
E           AttributeError: 'pathlib.WindowsPath' object has no attribute '_str'

C:\Python314\Lib\pathlib\__init__.py:255: AttributeError

During handling of the above exception, another exception occurred:

self = WindowsPath('C:/Users/azureuser/AppData/Local/Temp/pytest-of-azureuser/pytest-2/test_cookie_persistence0/cookies/u1.json')

    @property
    def drive(self):
        """The drive prefix (letter or UNC path), if any."""
        try:
>           return self._drv
                   ^^^^^^^^^
E           AttributeError: 'pathlib.WindowsPath' object has no attribute '_drv'

C:\Python314\Lib\pathlib\__init__.py:345: AttributeError

During handling of the above exception, another exception occurred:

self = WindowsPath('C:/Users/azureuser/AppData/Local/Temp/pytest-of-azureuser/pytest-2/test_cookie_persistence0/cookies/u1.json')

    def __str__(self):
        """Return the string representation of the path, suitable for
        passing to system calls."""
        try:
>           return self._str
                   ^^^^^^^^^
E           AttributeError: 'pathlib.WindowsPath' object has no attribute '_str'

C:\Python314\Lib\pathlib\__init__.py:255: AttributeError

During handling of the above exception, another exception occurred:

self = WindowsPath('C:/Users/azureuser/AppData/Local/Temp/pytest-of-azureuser/pytest-2/test_cookie_persistence0/cookies/u1.json')

    @property
    def drive(self):
        """The drive prefix (letter or UNC path), if any."""
        try:
>           return self._drv
                   ^^^^^^^^^
E           AttributeError: 'pathlib.WindowsPath' object has no attribute '_drv'

C:\Python314\Lib\pathlib\__init__.py:345: AttributeError

During handling of the above exception, another exception occurred:

self = WindowsPath('C:/Users/azureuser/AppData/Local/Temp/pytest-of-azureuser/pytest-2/test_cookie_persistence0/cookies/u1.json')

    def __str__(self):
        """Return the string representation of the path, suitable for
        passing to system calls."""
        try:
>           return self._str
                   ^^^^^^^^^
E           AttributeError: 'pathlib.WindowsPath' object has no attribute '_str'

C:\Python314\Lib\pathlib\__init__.py:255: AttributeError

During handling of the above exception, another exception occurred:

self = WindowsPath('C:/Users/azureuser/AppData/Local/Temp/pytest-of-azureuser/pytest-2/test_cookie_persistence0/cookies/u1.json')

    @property
    def drive(self):
        """The drive prefix (letter or UNC path), if any."""
        try:
>           return self._drv
                   ^^^^^^^^^
E           AttributeError: 'pathlib.WindowsPath' object has no attribute '_drv'

C:\Python314\Lib\pathlib\__init__.py:345: AttributeError

During handling of the above exception, another exception occurred:

self = WindowsPath('C:/Users/azureuser/AppData/Local/Temp/pytest-of-azureuser/pytest-2/test_cookie_persistence0/cookies/u1.json')

    def __str__(self):
        """Return the string representation of the path, suitable for
        passing to system calls."""
        try:
>           return self._str
                   ^^^^^^^^^
E           AttributeError: 'pathlib.WindowsPath' object has no attribute '_str'

C:\Python314\Lib\pathlib\__init__.py:255: AttributeError

During handling of the above exception, another exception occurred:

self = WindowsPath('C:/Users/azureuser/AppData/Local/Temp/pytest-of-azureuser/pytest-2/test_cookie_persistence0/cookies/u1.json')

    @property
    def drive(self):
        """The drive prefix (letter or UNC path), if any."""
        try:
>           return self._drv
                   ^^^^^^^^^
E           AttributeError: 'pathlib.WindowsPath' object has no attribute '_drv'

C:\Python314\Lib\pathlib\__init__.py:345: AttributeError

During handling of the above exception, another exception occurred:

self = WindowsPath('C:/Users/azureuser/AppData/Local/Temp/pytest-of-azureuser/pytest-2/test_cookie_persistence0/cookies/u1.json')

    def __str__(self):
        """Return the string representation of the path, suitable for
        passing to system calls."""
        try:
>           return self._str
                   ^^^^^^^^^
E           AttributeError: 'pathlib.WindowsPath' object has no attribute '_str'

C:\Python314\Lib\pathlib\__init__.py:255: AttributeError

During handling of the above exception, another exception occurred:

self = WindowsPath('C:/Users/azureuser/AppData/Local/Temp/pytest-of-azureuser/pytest-2/test_cookie_persistence0/cookies/u1.json')

    @property
    def drive(self):
        """The drive prefix (letter or UNC path), if any."""
        try:
>           return self._drv
                   ^^^^^^^^^
E           AttributeError: 'pathlib.WindowsPath' object has no attribute '_drv'

C:\Python314\Lib\pathlib\__init__.py:345: AttributeError

During handling of the above exception, another exception occurred:

self = WindowsPath('C:/Users/azureuser/AppData/Local/Temp/pytest-of-azureuser/pytest-2/test_cookie_persistence0/cookies/u1.json')

    def __str__(self):
        """Return the string representation of the path, suitable for
        passing to system calls."""
        try:
>           return self._str
                   ^^^^^^^^^
E           AttributeError: 'pathlib.WindowsPath' object has no attribute '_str'

C:\Python314\Lib\pathlib\__init__.py:255: AttributeError

During handling of the above exception, another exception occurred:

self = WindowsPath('C:/Users/azureuser/AppData/Local/Temp/pytest-of-azureuser/pytest-2/test_cookie_persistence0/cookies/u1.json')

    @property
    def drive(self):
        """The drive prefix (letter or UNC path), if any."""
        try:
>           return self._drv
                   ^^^^^^^^^
E           AttributeError: 'pathlib.WindowsPath' object has no attribute '_drv'

C:\Python314\Lib\pathlib\__init__.py:345: AttributeError

During handling of the above exception, another exception occurred:

self = WindowsPath('C:/Users/azureuser/AppData/Local/Temp/pytest-of-azureuser/pytest-2/test_cookie_persistence0/cookies/u1.json')

    def __str__(self):
        """Return the string representation of the path, suitable for
        passing to system calls."""
        try:
>           return self._str
                   ^^^^^^^^^
E           AttributeError: 'pathlib.WindowsPath' object has no attribute '_str'

C:\Python314\Lib\pathlib\__init__.py:255: AttributeError

During handling of the above exception, another exception occurred:

self = WindowsPath('C:/Users/azureuser/AppData/Local/Temp/pytest-of-azureuser/pytest-2/test_cookie_persistence0/cookies/u1.json')

    @property
    def drive(self):
        """The drive prefix (letter or UNC path), if any."""
        try:
>           return self._drv
                   ^^^^^^^^^
E           AttributeError: 'pathlib.WindowsPath' object has no attribute '_drv'

C:\Python314\Lib\pathlib\__init__.py:345: AttributeError

During handling of the above exception, another exception occurred:

self = WindowsPath('C:/Users/azureuser/AppData/Local/Temp/pytest-of-azureuser/pytest-2/test_cookie_persistence0/cookies/u1.json')

    def __str__(self):
        """Return the string representation of the path, suitable for
        passing to system calls."""
        try:
>           return self._str
                   ^^^^^^^^^
E           AttributeError: 'pathlib.WindowsPath' object has no attribute '_str'

C:\Python314\Lib\pathlib\__init__.py:255: AttributeError

During handling of the above exception, another exception occurred:

self = WindowsPath('C:/Users/azureuser/AppData/Local/Temp/pytest-of-azureuser/pytest-2/test_cookie_persistence0/cookies/u1.json')

    @property
    def drive(self):
        """The drive prefix (letter or UNC path), if any."""
        try:
>           return self._drv
                   ^^^^^^^^^
E           AttributeError: 'pathlib.WindowsPath' object has no attribute '_drv'

C:\Python314\Lib\pathlib\__init__.py:345: AttributeError

During handling of the above exception, another exception occurred:

self = WindowsPath('C:/Users/azureuser/AppData/Local/Temp/pytest-of-azureuser/pytest-2/test_cookie_persistence0/cookies/u1.json')

    def __str__(self):
        """Return the string representation of the path, suitable for
        passing to system calls."""
        try:
>           return self._str
                   ^^^^^^^^^
E           AttributeError: 'pathlib.WindowsPath' object has no attribute '_str'

C:\Python314\Lib\pathlib\__init__.py:255: AttributeError

During handling of the above exception, another exception occurred:

self = WindowsPath('C:/Users/azureuser/AppData/Local/Temp/pytest-of-azureuser/pytest-2/test_cookie_persistence0/cookies/u1.json')

    @property
    def drive(self):
        """The drive prefix (letter or UNC path), if any."""
        try:
>           return self._drv
                   ^^^^^^^^^
E           AttributeError: 'pathlib.WindowsPath' object has no attribute '_drv'

C:\Python314\Lib\pathlib\__init__.py:345: AttributeError

During handling of the above exception, another exception occurred:

self = WindowsPath('C:/Users/azureuser/AppData/Local/Temp/pytest-of-azureuser/pytest-2/test_cookie_persistence0/cookies/u1.json')

    def __str__(self):
        """Return the string representation of the path, suitable for
        passing to system calls."""
        try:
>           return self._str
                   ^^^^^^^^^
E           AttributeError: 'pathlib.WindowsPath' object has no attribute '_str'

C:\Python314\Lib\pathlib\__init__.py:255: AttributeError

During handling of the above exception, another exception occurred:

self = WindowsPath('C:/Users/azureuser/AppData/Local/Temp/pytest-of-azureuser/pytest-2/test_cookie_persistence0/cookies/u1.json')

    @property
    def drive(self):
        """The drive prefix (letter or UNC path), if any."""
        try:
>           return self._drv
                   ^^^^^^^^^
E           AttributeError: 'pathlib.WindowsPath' object has no attribute '_drv'

C:\Python314\Lib\pathlib\__init__.py:345: AttributeError

During handling of the above exception, another exception occurred:

self = WindowsPath('C:/Users/azureuser/AppData/Local/Temp/pytest-of-azureuser/pytest-2/test_cookie_persistence0/cookies/u1.json')

    def __str__(self):
        """Return the string representation of the path, suitable for
        passing to system calls."""
        try:
>           return self._str
                   ^^^^^^^^^
E           AttributeError: 'pathlib.WindowsPath' object has no attribute '_str'

C:\Python314\Lib\pathlib\__init__.py:255: AttributeError

During handling of the above exception, another exception occurred:

self = WindowsPath('C:/Users/azureuser/AppData/Local/Temp/pytest-of-azureuser/pytest-2/test_cookie_persistence0/cookies/u1.json')

    @property
    def drive(self):
        """The drive prefix (letter or UNC path), if any."""
        try:
>           return self._drv
                   ^^^^^^^^^
E           AttributeError: 'pathlib.WindowsPath' object has no attribute '_drv'

C:\Python314\Lib\pathlib\__init__.py:345: AttributeError

During handling of the above exception, another exception occurred:

self = WindowsPath('C:/Users/azureuser/AppData/Local/Temp/pytest-of-azureuser/pytest-2/test_cookie_persistence0/cookies/u1.json')

    def __str__(self):
        """Return the string representation of the path, suitable for
        passing to system calls."""
        try:
>           return self._str
                   ^^^^^^^^^
E           AttributeError: 'pathlib.WindowsPath' object has no attribute '_str'

C:\Python314\Lib\pathlib\__init__.py:255: AttributeError

During handling of the above exception, another exception occurred:

self = WindowsPath('C:/Users/azureuser/AppData/Local/Temp/pytest-of-azureuser/pytest-2/test_cookie_persistence0/cookies/u1.json')

    @property
    def drive(self):
        """The drive prefix (letter or UNC path), if any."""
        try:
>           return self._drv
                   ^^^^^^^^^
E           AttributeError: 'pathlib.WindowsPath' object has no attribute '_drv'

C:\Python314\Lib\pathlib\__init__.py:345: AttributeError

During handling of the above exception, another exception occurred:

self = WindowsPath('C:/Users/azureuser/AppData/Local/Temp/pytest-of-azureuser/pytest-2/test_cookie_persistence0/cookies/u1.json')

    def __str__(self):
        """Return the string representation of the path, suitable for
        passing to system calls."""
        try:
>           return self._str
                   ^^^^^^^^^
E           AttributeError: 'pathlib.WindowsPath' object has no attribute '_str'

C:\Python314\Lib\pathlib\__init__.py:255: AttributeError

During handling of the above exception, another exception occurred:

self = WindowsPath('C:/Users/azureuser/AppData/Local/Temp/pytest-of-azureuser/pytest-2/test_cookie_persistence0/cookies/u1.json')

    @property
    def drive(self):
        """The drive prefix (letter or UNC path), if any."""
        try:
>           return self._drv
                   ^^^^^^^^^
E           AttributeError: 'pathlib.WindowsPath' object has no attribute '_drv'

C:\Python314\Lib\pathlib\__init__.py:345: AttributeError

During handling of the above exception, another exception occurred:

self = WindowsPath('C:/Users/azureuser/AppData/Local/Temp/pytest-of-azureuser/pytest-2/test_cookie_persistence0/cookies/u1.json')

    def __str__(self):
        """Return the string representation of the path, suitable for
        passing to system calls."""
        try:
>           return self._str
                   ^^^^^^^^^
E           AttributeError: 'pathlib.WindowsPath' object has no attribute '_str'

C:\Python314\Lib\pathlib\__init__.py:255: AttributeError

During handling of the above exception, another exception occurred:

self = WindowsPath('C:/Users/azureuser/AppData/Local/Temp/pytest-of-azureuser/pytest-2/test_cookie_persistence0/cookies/u1.json')

    @property
    def drive(self):
        """The drive prefix (letter or UNC path), if any."""
        try:
>           return self._drv
                   ^^^^^^^^^
E           AttributeError: 'pathlib.WindowsPath' object has no attribute '_drv'

C:\Python314\Lib\pathlib\__init__.py:345: AttributeError

During handling of the above exception, another exception occurred:

self = WindowsPath('C:/Users/azureuser/AppData/Local/Temp/pytest-of-azureuser/pytest-2/test_cookie_persistence0/cookies/u1.json')

    def __str__(self):
        """Return the string representation of the path, suitable for
        passing to system calls."""
        try:
>           return self._str
                   ^^^^^^^^^
E           AttributeError: 'pathlib.WindowsPath' object has no attribute '_str'

C:\Python314\Lib\pathlib\__init__.py:255: AttributeError

During handling of the above exception, another exception occurred:

self = WindowsPath('C:/Users/azureuser/AppData/Local/Temp/pytest-of-azureuser/pytest-2/test_cookie_persistence0/cookies/u1.json')

    @property
    def drive(self):
        """The drive prefix (letter or UNC path), if any."""
        try:
>           return self._drv
                   ^^^^^^^^^
E           AttributeError: 'pathlib.WindowsPath' object has no attribute '_drv'

C:\Python314\Lib\pathlib\__init__.py:345: AttributeError

During handling of the above exception, another exception occurred:

self = WindowsPath('C:/Users/azureuser/AppData/Local/Temp/pytest-of-azureuser/pytest-2/test_cookie_persistence0/cookies/u1.json')

    def __str__(self):
        """Return the string representation of the path, suitable for
        passing to system calls."""
        try:
>           return self._str
                   ^^^^^^^^^
E           AttributeError: 'pathlib.WindowsPath' object has no attribute '_str'

C:\Python314\Lib\pathlib\__init__.py:255: AttributeError

During handling of the above exception, another exception occurred:

self = WindowsPath('C:/Users/azureuser/AppData/Local/Temp/pytest-of-azureuser/pytest-2/test_cookie_persistence0/cookies/u1.json')

    @property
    def drive(self):
        """The drive prefix (letter or UNC path), if any."""
        try:
>           return self._drv
                   ^^^^^^^^^
E           AttributeError: 'pathlib.WindowsPath' object has no attribute '_drv'

C:\Python314\Lib\pathlib\__init__.py:345: AttributeError

During handling of the above exception, another exception occurred:

self = WindowsPath('C:/Users/azureuser/AppData/Local/Temp/pytest-of-azureuser/pytest-2/test_cookie_persistence0/cookies/u1.json')

    def __str__(self):
        """Return the string representation of the path, suitable for
        passing to system calls."""
        try:
>           return self._str
                   ^^^^^^^^^
E           AttributeError: 'pathlib.WindowsPath' object has no attribute '_str'

C:\Python314\Lib\pathlib\__init__.py:255: AttributeError

During handling of the above exception, another exception occurred:

self = WindowsPath('C:/Users/azureuser/AppData/Local/Temp/pytest-of-azureuser/pytest-2/test_cookie_persistence0/cookies/u1.json')

    @property
    def drive(self):
        """The drive prefix (letter or UNC path), if any."""
        try:
>           return self._drv
                   ^^^^^^^^^
E           AttributeError: 'pathlib.WindowsPath' object has no attribute '_drv'

C:\Python314\Lib\pathlib\__init__.py:345: AttributeError

During handling of the above exception, another exception occurred:

self = WindowsPath('C:/Users/azureuser/AppData/Local/Temp/pytest-of-azureuser/pytest-2/test_cookie_persistence0/cookies/u1.json')

    def __str__(self):
        """Return the string representation of the path, suitable for
        passing to system calls."""
        try:
>           return self._str
                   ^^^^^^^^^
E           AttributeError: 'pathlib.WindowsPath' object has no attribute '_str'

C:\Python314\Lib\pathlib\__init__.py:255: AttributeError

During handling of the above exception, another exception occurred:

self = WindowsPath('C:/Users/azureuser/AppData/Local/Temp/pytest-of-azureuser/pytest-2/test_cookie_persistence0/cookies/u1.json')

    @property
    def drive(self):
        """The drive prefix (letter or UNC path), if any."""
        try:
>           return self._drv
                   ^^^^^^^^^
E           AttributeError: 'pathlib.WindowsPath' object has no attribute '_drv'

C:\Python314\Lib\pathlib\__init__.py:345: AttributeError

During handling of the above exception, another exception occurred:

self = WindowsPath('C:/Users/azureuser/AppData/Local/Temp/pytest-of-azureuser/pytest-2/test_cookie_persistence0/cookies/u1.json')

    def __str__(self):
        """Return the string representation of the path, suitable for
        passing to system calls."""
        try:
>           return self._str
                   ^^^^^^^^^
E           AttributeError: 'pathlib.WindowsPath' object has no attribute '_str'

C:\Python314\Lib\pathlib\__init__.py:255: AttributeError

During handling of the above exception, another exception occurred:

self = WindowsPath('C:/Users/azureuser/AppData/Local/Temp/pytest-of-azureuser/pytest-2/test_cookie_persistence0/cookies/u1.json')

    @property
    def drive(self):
        """The drive prefix (letter or UNC path), if any."""
        try:
>           return self._drv
                   ^^^^^^^^^
E           AttributeError: 'pathlib.WindowsPath' object has no attribute '_drv'

C:\Python314\Lib\pathlib\__init__.py:345: AttributeError

During handling of the above exception, another exception occurred:

self = WindowsPath('C:/Users/azureuser/AppData/Local/Temp/pytest-of-azureuser/pytest-2/test_cookie_persistence0/cookies/u1.json')

    def __str__(self):
        """Return the string representation of the path, suitable for
        passing to system calls."""
        try:
>           return self._str
                   ^^^^^^^^^
E           AttributeError: 'pathlib.WindowsPath' object has no attribute '_str'

C:\Python314\Lib\pathlib\__init__.py:255: AttributeError

During handling of the above exception, another exception occurred:

self = WindowsPath('C:/Users/azureuser/AppData/Local/Temp/pytest-of-azureuser/pytest-2/test_cookie_persistence0/cookies/u1.json')

    @property
    def drive(self):
        """The drive prefix (letter or UNC path), if any."""
        try:
>           return self._drv
                   ^^^^^^^^^
E           AttributeError: 'pathlib.WindowsPath' object has no attribute '_drv'

C:\Python314\Lib\pathlib\__init__.py:345: AttributeError

During handling of the above exception, another exception occurred:

self = WindowsPath('C:/Users/azureuser/AppData/Local/Temp/pytest-of-azureuser/pytest-2/test_cookie_persistence0/cookies/u1.json')

    def __str__(self):
        """Return the string representation of the path, suitable for
        passing to system calls."""
        try:
>           return self._str
                   ^^^^^^^^^
E           AttributeError: 'pathlib.WindowsPath' object has no attribute '_str'

C:\Python314\Lib\pathlib\__init__.py:255: AttributeError

During handling of the above exception, another exception occurred:

self = WindowsPath('C:/Users/azureuser/AppData/Local/Temp/pytest-of-azureuser/pytest-2/test_cookie_persistence0/cookies/u1.json')

    @property
    def drive(self):
        """The drive prefix (letter or UNC path), if any."""
        try:
>           return self._drv
                   ^^^^^^^^^
E           AttributeError: 'pathlib.WindowsPath' object has no attribute '_drv'

C:\Python314\Lib\pathlib\__init__.py:345: AttributeError

During handling of the above exception, another exception occurred:

self = <test_browser_extra.TestBrowserExtra object at 0x000002679587AEA0>
tmp_path = WindowsPath('C:/Users/azureuser/AppData/Local/Temp/pytest-of-azureuser/pytest-2/test_cookie_persistence0')

    @pytest.mark.asyncio
    async def test_cookie_persistence(self, tmp_path):
        """Test cookie save/load with encrypted/unencrypted paths (lines 146-211)."""
        # Disable encryption for this test to hits fallback paths
        manager = BrowserManager(use_encrypted_cookies=False)
        mock_context = AsyncMock()
        mock_context.cookies.return_value = [{"name": "c1", "value": "v1", "domain": "d"}]
    
        cookies_dir = tmp_path / "cookies"
        with patch("os.path.join", side_effect=lambda *args: str(cookies_dir / args[-1]) if "cookies" in args else os.path.join(*args)):
            with patch("os.makedirs"):
                # 1. Save unencrypted (162-168)
                await manager.save_cookies(mock_context, "u1")
>               assert os.path.exists(cookies_dir / "u1.json")
                       ^^^^^^^^^^^^^^^^^^^^^^^^^^^^^^^^^^^^^^^

tests\test_browser_extra.py:87: 
_ _ _ _ _ _ _ _ _ _ _ _ _ _ _ _ _ _ _ _ _ _ _ _ _ _ _ _ _ _ _ _ _ _ _ _ _ _ _ _
C:\Python314\Lib\pathlib\__init__.py:191: in __fspath__
    return str(self)
           ^^^^^^^^^
C:\Python314\Lib\pathlib\__init__.py:257: in __str__
    self._str = self._format_parsed_parts(self.drive, self.root,
                                          ^^^^^^^^^^
C:\Python314\Lib\pathlib\__init__.py:347: in drive
    self._drv, self._root, self._tail_cached = self._parse_path(self._raw_path)
                                                                ^^^^^^^^^^^^^^
C:\Python314\Lib\pathlib\__init__.py:337: in _raw_path
    return self.parser.join(*paths)
           ^^^^^^^^^^^^^^^^^^^^^^^^
C:\Python314\Lib\unittest\mock.py:1175: in __call__
    return self._mock_call(*args, **kwargs)
           ^^^^^^^^^^^^^^^^^^^^^^^^^^^^^^^^
C:\Python314\Lib\unittest\mock.py:1179: in _mock_call
    return self._execute_mock_call(*args, **kwargs)
           ^^^^^^^^^^^^^^^^^^^^^^^^^^^^^^^^^^^^^^^^
C:\Python314\Lib\unittest\mock.py:1240: in _execute_mock_call
    result = effect(*args, **kwargs)
             ^^^^^^^^^^^^^^^^^^^^^^^
tests\test_browser_extra.py:83: in <lambda>
    with patch("os.path.join", side_effect=lambda *args: str(cookies_dir / args[-1]) if "cookies" in args else os.path.join(*args)):
                                                         ^^^^^^^^^^^^^^^^^^^^^^^^^^^
C:\Python314\Lib\pathlib\__init__.py:257: in __str__
    self._str = self._format_parsed_parts(self.drive, self.root,
                                          ^^^^^^^^^^
E   RecursionError: maximum recursion depth exceeded
!!! Recursion detected (same locals & position)
------------------------------ Captured log call ------------------------------
WARNING  browser.instance:instance.py:170 Failed to save cookies for u1: maximum recursion depth exceeded
_______________ TestBrowserExtra.test_restart_and_health_check ________________

self = <test_browser_extra.TestBrowserExtra object at 0x00000267959316A0>
mock_camoufox = <MagicMock name='AsyncCamoufox' id='2643915067744'>

    @pytest.mark.asyncio
    async def test_restart_and_health_check(self, mock_camoufox):
        """Test restart and health check methods (lines 264-284)."""
        manager = BrowserManager()
        manager.browser = AsyncMock()
        manager.camoufox = AsyncMock()
    
        # Restart (264-270)
        with patch("asyncio.sleep"):
            await manager.restart()
>           assert manager.camoufox.__aexit__.called
E           AssertionError: assert False
E            +  where False = <AsyncMock name='AsyncCamoufox().__aexit__' id='2643915074800'>.called
E            +    where <AsyncMock name='AsyncCamoufox().__aexit__' id='2643915074800'> = <MagicMock name='AsyncCamoufox()' id='2643915064048'>.__aexit__
E            +      where <MagicMock name='AsyncCamoufox()' id='2643915064048'> = <browser.instance.BrowserManager object at 0x0000026795A795B0>.camoufox

tests\test_browser_extra.py:118: AssertionError
------------------------------ Captured log call ------------------------------
WARNING  browser.secure_storage:secure_storage.py:56 \u26a0\ufe0f No cookie encryption key found. Generated new key.\nAdd this to your .env file:\nCRYPTOBOT_COOKIE_KEY=n_K9RDhK7bLCXMqj_g971uaku7Z7rnQ3-fIlVZfLnGw=
____________ TestBrowserExtra.test_create_stealth_browser_factory _____________

self = <MagicMock name='AsyncCamoufox' id='2643915075472'>, args = ()
kwargs = {'block_images': True, 'geoip': True, 'headless': True, 'humanize': True, ...}
expected = "AsyncCamoufox(headless=True, geoip=True, humanize=True, block_images=True, proxy={'server': 'http://p'})"
actual = 'not called.'
error_message = "expected call not found.\nExpected: AsyncCamoufox(headless=True, geoip=True, humanize=True, block_images=True, proxy={'server': 'http://p'})\n  Actual: not called."

    def assert_called_with(self, /, *args, **kwargs):
        """assert that the last call was made with the specified arguments.
    
        Raises an AssertionError if the args and keyword args passed in are
        different to the last call to the mock."""
        if self.call_args is None:
            expected = self._format_mock_call_signature(args, kwargs)
            actual = 'not called.'
            error_message = ('expected call not found.\nExpected: %s\n  Actual: %s'
                    % (expected, actual))
>           raise AssertionError(error_message)
E           AssertionError: expected call not found.
E           Expected: AsyncCamoufox(headless=True, geoip=True, humanize=True, block_images=True, proxy={'server': 'http://p'})
E             Actual: not called.

C:\Python314\Lib\unittest\mock.py:976: AssertionError

During handling of the above exception, another exception occurred:

self = <test_browser_extra.TestBrowserExtra object at 0x0000026795912850>

    def test_create_stealth_browser_factory(self):
        """Test create_stealth_browser helper (lines 296-307)."""
        from browser.instance import create_stealth_browser
        with patch("browser.instance.AsyncCamoufox") as mock:
            create_stealth_browser(proxy="http://p")
>           mock.assert_called_with(
                headless=True, geoip=True, humanize=True, block_images=True,
                proxy={"server": "http://p"}
            )
E           AssertionError: expected call not found.
E           Expected: AsyncCamoufox(headless=True, geoip=True, humanize=True, block_images=True, proxy={'server': 'http://p'})
E             Actual: not called.

tests\test_browser_extra.py:144: AssertionError
============================== warnings summary ===============================
tests/test_browser_extra.py::TestBrowserExtra::test_create_stealth_browser_factory
  C:\Users\azureuser\Repositories\cryptobot\tests\test_browser_extra.py:143: RuntimeWarning: coroutine 'create_stealth_browser' was never awaited
    create_stealth_browser(proxy="http://p")
  Enable tracemalloc to get traceback where the object was allocated.
  See https://docs.pytest.org/en/stable/how-to/capture-warnings.html#resource-warnings for more info.

-- Docs: https://docs.pytest.org/en/stable/how-to/capture-warnings.html
=============================== tests coverage ================================
_______________ coverage: platform win32, python 3.14.2-final-0 _______________

Name                  Stmts   Miss  Cover   Missing
---------------------------------------------------
browser\instance.py     164     52    68%   72, 103-109, 164-168, 193-199, 206-207, 217-228, 236-243, 251, 254, 274-284, 291-292, 301
---------------------------------------------------
TOTAL                   164     52    68%
=========================== short test summary info ===========================
FAILED tests/test_browser_extra.py::TestBrowserExtra::test_sticky_proxy_logic
FAILED tests/test_browser_extra.py::TestBrowserExtra::test_cookie_persistence
FAILED tests/test_browser_extra.py::TestBrowserExtra::test_restart_and_health_check
FAILED tests/test_browser_extra.py::TestBrowserExtra::test_create_stealth_browser_factory
=================== 4 failed, 4 passed, 1 warning in 12.44s ===================
